{"E:\\NEU\\MSD\\TA Portal\\srivatsav_personal_git_TA_PORTAL\\taportal\\testspec\\test.js":{"path":"E:\\NEU\\MSD\\TA Portal\\srivatsav_personal_git_TA_PORTAL\\taportal\\testspec\\test.js","s":{"1":1,"2":1,"3":1,"4":1,"5":1,"6":1,"7":1,"8":1,"9":1,"10":1,"11":1,"12":1,"13":1,"14":1,"15":1,"16":1,"17":1,"18":1,"19":1,"20":1,"21":1,"22":1,"23":1,"24":1,"25":1,"26":1,"27":1,"28":1,"29":1,"30":1,"31":1,"32":1,"33":1,"34":1,"35":1,"36":1,"37":1,"38":1,"39":1,"40":1,"41":1,"42":1,"43":1,"44":1,"45":1,"46":1,"47":1,"48":1,"49":1,"50":1,"51":1,"52":1,"53":1,"54":1,"55":1,"56":1,"57":1,"58":1,"59":1,"60":1,"61":1,"62":1,"63":1,"64":1,"65":0,"66":1,"67":1,"68":0,"69":1,"70":1,"71":0,"72":1,"73":1,"74":0,"75":1,"76":1,"77":0,"78":1,"79":1,"80":0,"81":1,"82":1,"83":0,"84":1,"85":1,"86":0,"87":1,"88":1,"89":1,"90":1,"91":1,"92":1,"93":0,"94":0,"95":0,"96":0,"97":0,"98":0,"99":1,"100":1,"101":1,"102":1,"103":0,"104":1,"105":1,"106":1,"107":1,"108":1,"109":1,"110":1,"111":0,"112":0,"113":0,"114":0,"115":0,"116":0,"117":0,"118":0,"119":0,"120":0,"121":0,"122":0,"123":1,"124":1,"125":0,"126":0,"127":0,"128":0,"129":0,"130":0,"131":1,"132":1,"133":1,"134":0,"135":1,"136":1,"137":0,"138":0},"b":{},"f":{"1":1,"2":1,"3":1,"4":1,"5":1,"6":1,"7":1,"8":1,"9":1,"10":1,"11":1,"12":1,"13":1,"14":1,"15":1,"16":1,"17":1,"18":1,"19":1,"20":1,"21":1,"22":1,"23":1,"24":1,"25":1,"26":1,"27":1,"28":1,"29":1,"30":1,"31":1,"32":1,"33":1,"34":1,"35":0,"36":0,"37":1,"38":1,"39":1,"40":1,"41":1,"42":0,"43":0,"44":1,"45":0,"46":1,"47":1,"48":1,"49":0},"fnMap":{"1":{"name":"(anonymous_1)","line":25,"loc":{"start":{"line":25,"column":26},"end":{"line":25,"column":37}}},"2":{"name":"(anonymous_2)","line":26,"loc":{"start":{"line":26,"column":31},"end":{"line":26,"column":47}}},"3":{"name":"(anonymous_3)","line":29,"loc":{"start":{"line":29,"column":17},"end":{"line":29,"column":35}}},"4":{"name":"(anonymous_4)","line":38,"loc":{"start":{"line":38,"column":37},"end":{"line":38,"column":53}}},"5":{"name":"(anonymous_5)","line":41,"loc":{"start":{"line":41,"column":17},"end":{"line":41,"column":35}}},"6":{"name":"(anonymous_6)","line":49,"loc":{"start":{"line":49,"column":39},"end":{"line":49,"column":55}}},"7":{"name":"(anonymous_7)","line":52,"loc":{"start":{"line":52,"column":17},"end":{"line":52,"column":35}}},"8":{"name":"(anonymous_8)","line":60,"loc":{"start":{"line":60,"column":41},"end":{"line":60,"column":57}}},"9":{"name":"(anonymous_9)","line":63,"loc":{"start":{"line":63,"column":17},"end":{"line":63,"column":37}}},"10":{"name":"(anonymous_10)","line":70,"loc":{"start":{"line":70,"column":41},"end":{"line":70,"column":57}}},"11":{"name":"(anonymous_11)","line":73,"loc":{"start":{"line":73,"column":17},"end":{"line":73,"column":37}}},"12":{"name":"(anonymous_12)","line":80,"loc":{"start":{"line":80,"column":55},"end":{"line":80,"column":71}}},"13":{"name":"(anonymous_13)","line":83,"loc":{"start":{"line":83,"column":17},"end":{"line":83,"column":37}}},"14":{"name":"(anonymous_14)","line":91,"loc":{"start":{"line":91,"column":53},"end":{"line":91,"column":68}}},"15":{"name":"(anonymous_15)","line":95,"loc":{"start":{"line":95,"column":17},"end":{"line":95,"column":35}}},"16":{"name":"(anonymous_16)","line":101,"loc":{"start":{"line":101,"column":65},"end":{"line":101,"column":80}}},"17":{"name":"(anonymous_17)","line":105,"loc":{"start":{"line":105,"column":17},"end":{"line":105,"column":35}}},"18":{"name":"(anonymous_18)","line":111,"loc":{"start":{"line":111,"column":55},"end":{"line":111,"column":70}}},"19":{"name":"(anonymous_19)","line":115,"loc":{"start":{"line":115,"column":17},"end":{"line":115,"column":35}}},"20":{"name":"(anonymous_20)","line":122,"loc":{"start":{"line":122,"column":55},"end":{"line":122,"column":70}}},"21":{"name":"(anonymous_21)","line":125,"loc":{"start":{"line":125,"column":17},"end":{"line":125,"column":37}}},"22":{"name":"(anonymous_22)","line":131,"loc":{"start":{"line":131,"column":56},"end":{"line":131,"column":71}}},"23":{"name":"(anonymous_23)","line":135,"loc":{"start":{"line":135,"column":17},"end":{"line":135,"column":35}}},"24":{"name":"(anonymous_24)","line":144,"loc":{"start":{"line":144,"column":22},"end":{"line":144,"column":32}}},"25":{"name":"(anonymous_25)","line":153,"loc":{"start":{"line":153,"column":27},"end":{"line":153,"column":41}}},"26":{"name":"(anonymous_26)","line":159,"loc":{"start":{"line":159,"column":29},"end":{"line":159,"column":43}}},"27":{"name":"(anonymous_27)","line":164,"loc":{"start":{"line":164,"column":29},"end":{"line":164,"column":43}}},"28":{"name":"(anonymous_28)","line":169,"loc":{"start":{"line":169,"column":28},"end":{"line":169,"column":42}}},"29":{"name":"(anonymous_29)","line":173,"loc":{"start":{"line":173,"column":28},"end":{"line":173,"column":42}}},"30":{"name":"(anonymous_30)","line":178,"loc":{"start":{"line":178,"column":35},"end":{"line":178,"column":49}}},"31":{"name":"(anonymous_31)","line":183,"loc":{"start":{"line":183,"column":28},"end":{"line":183,"column":42}}},"32":{"name":"(anonymous_32)","line":188,"loc":{"start":{"line":188,"column":32},"end":{"line":188,"column":46}}},"33":{"name":"(anonymous_33)","line":193,"loc":{"start":{"line":193,"column":32},"end":{"line":193,"column":46}}},"34":{"name":"(anonymous_34)","line":201,"loc":{"start":{"line":201,"column":33},"end":{"line":201,"column":49}}},"35":{"name":"(anonymous_35)","line":208,"loc":{"start":{"line":208,"column":17},"end":{"line":208,"column":38}}},"36":{"name":"(anonymous_36)","line":211,"loc":{"start":{"line":211,"column":17},"end":{"line":211,"column":37}}},"37":{"name":"(anonymous_37)","line":224,"loc":{"start":{"line":224,"column":56},"end":{"line":224,"column":71}}},"38":{"name":"(anonymous_38)","line":233,"loc":{"start":{"line":233,"column":13},"end":{"line":233,"column":38}}},"39":{"name":"(anonymous_39)","line":242,"loc":{"start":{"line":242,"column":36},"end":{"line":242,"column":52}}},"40":{"name":"(anonymous_40)","line":245,"loc":{"start":{"line":245,"column":13},"end":{"line":245,"column":31}}},"41":{"name":"(anonymous_41)","line":253,"loc":{"start":{"line":253,"column":33},"end":{"line":253,"column":49}}},"42":{"name":"(anonymous_42)","line":260,"loc":{"start":{"line":260,"column":17},"end":{"line":260,"column":38}}},"43":{"name":"(anonymous_43)","line":263,"loc":{"start":{"line":263,"column":17},"end":{"line":263,"column":37}}},"44":{"name":"(anonymous_44)","line":280,"loc":{"start":{"line":280,"column":40},"end":{"line":280,"column":56}}},"45":{"name":"(anonymous_45)","line":284,"loc":{"start":{"line":284,"column":13},"end":{"line":284,"column":33}}},"46":{"name":"(anonymous_46)","line":294,"loc":{"start":{"line":294,"column":42},"end":{"line":294,"column":58}}},"47":{"name":"(anonymous_47)","line":299,"loc":{"start":{"line":299,"column":13},"end":{"line":299,"column":33}}},"48":{"name":"(anonymous_48)","line":305,"loc":{"start":{"line":305,"column":31},"end":{"line":305,"column":47}}},"49":{"name":"(anonymous_49)","line":309,"loc":{"start":{"line":309,"column":13},"end":{"line":309,"column":33}}}},"statementMap":{"1":{"start":{"line":5,"column":0},"end":{"line":5,"column":27}},"2":{"start":{"line":6,"column":0},"end":{"line":6,"column":36}},"3":{"start":{"line":7,"column":0},"end":{"line":7,"column":34}},"4":{"start":{"line":9,"column":0},"end":{"line":9,"column":27}},"5":{"start":{"line":10,"column":0},"end":{"line":10,"column":16}},"6":{"start":{"line":11,"column":0},"end":{"line":11,"column":12}},"7":{"start":{"line":13,"column":0},"end":{"line":13,"column":36}},"8":{"start":{"line":16,"column":0},"end":{"line":16,"column":63}},"9":{"start":{"line":18,"column":0},"end":{"line":18,"column":33}},"10":{"start":{"line":20,"column":0},"end":{"line":20,"column":20}},"11":{"start":{"line":21,"column":0},"end":{"line":21,"column":18}},"12":{"start":{"line":22,"column":0},"end":{"line":22,"column":19}},"13":{"start":{"line":25,"column":0},"end":{"line":142,"column":3}},"14":{"start":{"line":26,"column":4},"end":{"line":34,"column":7}},"15":{"start":{"line":27,"column":8},"end":{"line":33,"column":14}},"16":{"start":{"line":30,"column":16},"end":{"line":30,"column":44}},"17":{"start":{"line":32,"column":16},"end":{"line":32,"column":23}},"18":{"start":{"line":38,"column":4},"end":{"line":46,"column":7}},"19":{"start":{"line":39,"column":8},"end":{"line":45,"column":14}},"20":{"start":{"line":42,"column":16},"end":{"line":42,"column":44}},"21":{"start":{"line":44,"column":16},"end":{"line":44,"column":23}},"22":{"start":{"line":49,"column":4},"end":{"line":57,"column":7}},"23":{"start":{"line":50,"column":8},"end":{"line":56,"column":14}},"24":{"start":{"line":53,"column":16},"end":{"line":53,"column":44}},"25":{"start":{"line":55,"column":16},"end":{"line":55,"column":23}},"26":{"start":{"line":60,"column":4},"end":{"line":68,"column":7}},"27":{"start":{"line":61,"column":8},"end":{"line":66,"column":15}},"28":{"start":{"line":64,"column":16},"end":{"line":64,"column":44}},"29":{"start":{"line":65,"column":16},"end":{"line":65,"column":23}},"30":{"start":{"line":70,"column":4},"end":{"line":78,"column":7}},"31":{"start":{"line":71,"column":8},"end":{"line":76,"column":15}},"32":{"start":{"line":74,"column":16},"end":{"line":74,"column":44}},"33":{"start":{"line":75,"column":16},"end":{"line":75,"column":23}},"34":{"start":{"line":80,"column":4},"end":{"line":88,"column":7}},"35":{"start":{"line":81,"column":8},"end":{"line":86,"column":15}},"36":{"start":{"line":84,"column":16},"end":{"line":84,"column":44}},"37":{"start":{"line":85,"column":16},"end":{"line":85,"column":23}},"38":{"start":{"line":91,"column":4},"end":{"line":99,"column":7}},"39":{"start":{"line":92,"column":8},"end":{"line":98,"column":15}},"40":{"start":{"line":96,"column":16},"end":{"line":96,"column":44}},"41":{"start":{"line":97,"column":16},"end":{"line":97,"column":23}},"42":{"start":{"line":101,"column":4},"end":{"line":109,"column":7}},"43":{"start":{"line":102,"column":8},"end":{"line":108,"column":15}},"44":{"start":{"line":106,"column":16},"end":{"line":106,"column":44}},"45":{"start":{"line":107,"column":16},"end":{"line":107,"column":23}},"46":{"start":{"line":111,"column":4},"end":{"line":120,"column":7}},"47":{"start":{"line":112,"column":8},"end":{"line":119,"column":15}},"48":{"start":{"line":116,"column":16},"end":{"line":116,"column":37}},"49":{"start":{"line":117,"column":16},"end":{"line":117,"column":44}},"50":{"start":{"line":118,"column":16},"end":{"line":118,"column":23}},"51":{"start":{"line":122,"column":4},"end":{"line":129,"column":7}},"52":{"start":{"line":123,"column":8},"end":{"line":128,"column":15}},"53":{"start":{"line":126,"column":16},"end":{"line":126,"column":44}},"54":{"start":{"line":127,"column":16},"end":{"line":127,"column":23}},"55":{"start":{"line":131,"column":4},"end":{"line":139,"column":7}},"56":{"start":{"line":132,"column":8},"end":{"line":138,"column":15}},"57":{"start":{"line":136,"column":16},"end":{"line":136,"column":44}},"58":{"start":{"line":137,"column":16},"end":{"line":137,"column":23}},"59":{"start":{"line":144,"column":0},"end":{"line":198,"column":3}},"60":{"start":{"line":145,"column":4},"end":{"line":148,"column":7}},"61":{"start":{"line":149,"column":4},"end":{"line":149,"column":47}},"62":{"start":{"line":150,"column":4},"end":{"line":150,"column":50}},"63":{"start":{"line":153,"column":4},"end":{"line":156,"column":7}},"64":{"start":{"line":154,"column":8},"end":{"line":154,"column":83}},"65":{"start":{"line":155,"column":8},"end":{"line":155,"column":15}},"66":{"start":{"line":159,"column":4},"end":{"line":162,"column":7}},"67":{"start":{"line":160,"column":8},"end":{"line":160,"column":58}},"68":{"start":{"line":161,"column":8},"end":{"line":161,"column":15}},"69":{"start":{"line":164,"column":4},"end":{"line":167,"column":7}},"70":{"start":{"line":165,"column":8},"end":{"line":165,"column":59}},"71":{"start":{"line":166,"column":8},"end":{"line":166,"column":15}},"72":{"start":{"line":169,"column":4},"end":{"line":172,"column":7}},"73":{"start":{"line":170,"column":8},"end":{"line":170,"column":57}},"74":{"start":{"line":171,"column":8},"end":{"line":171,"column":15}},"75":{"start":{"line":173,"column":4},"end":{"line":176,"column":7}},"76":{"start":{"line":174,"column":8},"end":{"line":174,"column":58}},"77":{"start":{"line":175,"column":8},"end":{"line":175,"column":15}},"78":{"start":{"line":178,"column":4},"end":{"line":181,"column":7}},"79":{"start":{"line":179,"column":8},"end":{"line":179,"column":57}},"80":{"start":{"line":180,"column":8},"end":{"line":180,"column":15}},"81":{"start":{"line":183,"column":4},"end":{"line":186,"column":7}},"82":{"start":{"line":184,"column":8},"end":{"line":184,"column":59}},"83":{"start":{"line":185,"column":8},"end":{"line":185,"column":15}},"84":{"start":{"line":188,"column":4},"end":{"line":191,"column":7}},"85":{"start":{"line":189,"column":8},"end":{"line":189,"column":57}},"86":{"start":{"line":190,"column":8},"end":{"line":190,"column":15}},"87":{"start":{"line":193,"column":4},"end":{"line":196,"column":7}},"88":{"start":{"line":194,"column":8},"end":{"line":194,"column":64}},"89":{"start":{"line":195,"column":8},"end":{"line":195,"column":15}},"90":{"start":{"line":201,"column":0},"end":{"line":220,"column":3}},"91":{"start":{"line":203,"column":4},"end":{"line":207,"column":7}},"92":{"start":{"line":208,"column":4},"end":{"line":218,"column":7}},"93":{"start":{"line":209,"column":8},"end":{"line":217,"column":14}},"94":{"start":{"line":212,"column":16},"end":{"line":212,"column":44}},"95":{"start":{"line":213,"column":16},"end":{"line":213,"column":35}},"96":{"start":{"line":214,"column":16},"end":{"line":214,"column":34}},"97":{"start":{"line":215,"column":16},"end":{"line":215,"column":51}},"98":{"start":{"line":216,"column":16},"end":{"line":216,"column":23}},"99":{"start":{"line":224,"column":0},"end":{"line":239,"column":3}},"100":{"start":{"line":225,"column":4},"end":{"line":229,"column":7}},"101":{"start":{"line":230,"column":4},"end":{"line":236,"column":11}},"102":{"start":{"line":234,"column":12},"end":{"line":234,"column":45}},"103":{"start":{"line":235,"column":12},"end":{"line":235,"column":19}},"104":{"start":{"line":242,"column":0},"end":{"line":249,"column":3}},"105":{"start":{"line":243,"column":4},"end":{"line":248,"column":10}},"106":{"start":{"line":246,"column":12},"end":{"line":246,"column":40}},"107":{"start":{"line":247,"column":12},"end":{"line":247,"column":19}},"108":{"start":{"line":253,"column":0},"end":{"line":278,"column":3}},"109":{"start":{"line":255,"column":4},"end":{"line":259,"column":7}},"110":{"start":{"line":260,"column":4},"end":{"line":276,"column":7}},"111":{"start":{"line":261,"column":8},"end":{"line":275,"column":14}},"112":{"start":{"line":264,"column":16},"end":{"line":264,"column":44}},"113":{"start":{"line":265,"column":16},"end":{"line":265,"column":35}},"114":{"start":{"line":266,"column":16},"end":{"line":266,"column":47}},"115":{"start":{"line":267,"column":16},"end":{"line":267,"column":53}},"116":{"start":{"line":268,"column":16},"end":{"line":268,"column":58}},"117":{"start":{"line":269,"column":16},"end":{"line":269,"column":58}},"118":{"start":{"line":270,"column":16},"end":{"line":270,"column":57}},"119":{"start":{"line":271,"column":16},"end":{"line":271,"column":57}},"120":{"start":{"line":272,"column":16},"end":{"line":272,"column":38}},"121":{"start":{"line":273,"column":16},"end":{"line":273,"column":51}},"122":{"start":{"line":274,"column":16},"end":{"line":274,"column":23}},"123":{"start":{"line":280,"column":0},"end":{"line":292,"column":3}},"124":{"start":{"line":282,"column":4},"end":{"line":291,"column":11}},"125":{"start":{"line":285,"column":12},"end":{"line":285,"column":40}},"126":{"start":{"line":286,"column":12},"end":{"line":286,"column":31}},"127":{"start":{"line":287,"column":12},"end":{"line":287,"column":43}},"128":{"start":{"line":288,"column":12},"end":{"line":288,"column":49}},"129":{"start":{"line":289,"column":12},"end":{"line":289,"column":46}},"130":{"start":{"line":290,"column":12},"end":{"line":290,"column":19}},"131":{"start":{"line":294,"column":0},"end":{"line":303,"column":3}},"132":{"start":{"line":297,"column":4},"end":{"line":302,"column":11}},"133":{"start":{"line":300,"column":12},"end":{"line":300,"column":40}},"134":{"start":{"line":301,"column":12},"end":{"line":301,"column":19}},"135":{"start":{"line":305,"column":0},"end":{"line":315,"column":3}},"136":{"start":{"line":307,"column":4},"end":{"line":312,"column":11}},"137":{"start":{"line":310,"column":12},"end":{"line":310,"column":40}},"138":{"start":{"line":311,"column":12},"end":{"line":311,"column":19}}},"branchMap":{}},"E:\\NEU\\MSD\\TA Portal\\srivatsav_personal_git_TA_PORTAL\\taportal\\server.js":{"path":"E:\\NEU\\MSD\\TA Portal\\srivatsav_personal_git_TA_PORTAL\\taportal\\server.js","s":{"1":1,"2":1,"3":1,"4":1,"5":1,"6":1,"7":1,"8":1,"9":1,"10":1,"11":1,"12":1,"13":1,"14":1,"15":1,"16":1,"17":1,"18":1,"19":1,"20":1,"21":1,"22":1},"b":{"1":[1,1]},"f":{},"fnMap":{},"statementMap":{"1":{"start":{"line":1,"column":0},"end":{"line":1,"column":33}},"2":{"start":{"line":4,"column":0},"end":{"line":4,"column":44}},"3":{"start":{"line":5,"column":0},"end":{"line":5,"column":46}},"4":{"start":{"line":6,"column":0},"end":{"line":6,"column":35}},"5":{"start":{"line":7,"column":0},"end":{"line":7,"column":20}},"6":{"start":{"line":10,"column":0},"end":{"line":10,"column":80}},"7":{"start":{"line":15,"column":0},"end":{"line":15,"column":35}},"8":{"start":{"line":16,"column":0},"end":{"line":16,"column":35}},"9":{"start":{"line":18,"column":0},"end":{"line":18,"column":40}},"10":{"start":{"line":19,"column":0},"end":{"line":19,"column":27}},"11":{"start":{"line":20,"column":0},"end":{"line":20,"column":51}},"12":{"start":{"line":23,"column":0},"end":{"line":23,"column":24}},"13":{"start":{"line":24,"column":0},"end":{"line":24,"column":40}},"14":{"start":{"line":28,"column":0},"end":{"line":28,"column":31}},"15":{"start":{"line":29,"column":0},"end":{"line":29,"column":28}},"16":{"start":{"line":32,"column":0},"end":{"line":32,"column":47}},"17":{"start":{"line":36,"column":0},"end":{"line":36,"column":48}},"18":{"start":{"line":37,"column":0},"end":{"line":37,"column":58}},"19":{"start":{"line":39,"column":0},"end":{"line":39,"column":42}},"20":{"start":{"line":40,"column":0},"end":{"line":40,"column":13}},"21":{"start":{"line":44,"column":0},"end":{"line":44,"column":28}},"22":{"start":{"line":47,"column":0},"end":{"line":47,"column":21}}},"branchMap":{"1":{"line":37,"type":"binary-expr","locations":[{"start":{"line":37,"column":16},"end":{"line":37,"column":49}},{"start":{"line":37,"column":53},"end":{"line":37,"column":57}}]}}},"E:\\NEU\\MSD\\TA Portal\\srivatsav_personal_git_TA_PORTAL\\taportal\\project\\app.js":{"path":"E:\\NEU\\MSD\\TA Portal\\srivatsav_personal_git_TA_PORTAL\\taportal\\project\\app.js","s":{"1":1,"2":1,"3":1,"4":1,"5":1},"b":{},"f":{"1":1},"fnMap":{"1":{"name":"(anonymous_1)","line":5,"loc":{"start":{"line":5,"column":17},"end":{"line":5,"column":32}}}},"statementMap":{"1":{"start":{"line":5,"column":0},"end":{"line":12,"column":2}},"2":{"start":{"line":6,"column":4},"end":{"line":6,"column":55}},"3":{"start":{"line":8,"column":4},"end":{"line":8,"column":62}},"4":{"start":{"line":9,"column":4},"end":{"line":9,"column":77}},"5":{"start":{"line":10,"column":4},"end":{"line":10,"column":65}}},"branchMap":{}},"E:\\NEU\\MSD\\TA Portal\\srivatsav_personal_git_TA_PORTAL\\taportal\\project\\model\\models.server.js":{"path":"E:\\NEU\\MSD\\TA Portal\\srivatsav_personal_git_TA_PORTAL\\taportal\\project\\model\\models.server.js","s":{"1":1,"2":1,"3":1},"b":{},"f":{"1":1},"fnMap":{"1":{"name":"(anonymous_1)","line":3,"loc":{"start":{"line":3,"column":18},"end":{"line":3,"column":30}}}},"statementMap":{"1":{"start":{"line":3,"column":0},"end":{"line":14,"column":2}},"2":{"start":{"line":5,"column":4},"end":{"line":12,"column":6}},"3":{"start":{"line":13,"column":4},"end":{"line":13,"column":18}}},"branchMap":{}},"E:\\NEU\\MSD\\TA Portal\\srivatsav_personal_git_TA_PORTAL\\taportal\\project\\model\\user\\user.model.server.js":{"path":"E:\\NEU\\MSD\\TA Portal\\srivatsav_personal_git_TA_PORTAL\\taportal\\project\\model\\user\\user.model.server.js","s":{"1":1,"2":1,"3":1,"4":1,"5":1,"6":1,"7":1,"8":3,"9":1,"10":0,"11":1,"12":5,"13":1,"14":0,"15":0,"16":1,"17":1,"18":1,"19":1,"20":1,"21":1},"b":{},"f":{"1":1,"2":3,"3":0,"4":5,"5":0,"6":1,"7":1,"8":1},"fnMap":{"1":{"name":"(anonymous_1)","line":5,"loc":{"start":{"line":5,"column":17},"end":{"line":5,"column":29}}},"2":{"name":"findAllUsers","line":25,"loc":{"start":{"line":25,"column":4},"end":{"line":25,"column":28}}},"3":{"name":"findUserById","line":30,"loc":{"start":{"line":30,"column":4},"end":{"line":30,"column":34}}},"4":{"name":"findUserByUsername","line":34,"loc":{"start":{"line":34,"column":4},"end":{"line":34,"column":42}}},"5":{"name":"updateUser","line":38,"loc":{"start":{"line":38,"column":4},"end":{"line":38,"column":38}}},"6":{"name":"deleteUser","line":50,"loc":{"start":{"line":50,"column":4},"end":{"line":50,"column":32}}},"7":{"name":"findUserByCredentials","line":54,"loc":{"start":{"line":54,"column":4},"end":{"line":54,"column":55}}},"8":{"name":"createUser","line":58,"loc":{"start":{"line":58,"column":4},"end":{"line":58,"column":29}}}},"statementMap":{"1":{"start":{"line":5,"column":0},"end":{"line":62,"column":2}},"2":{"start":{"line":7,"column":4},"end":{"line":7,"column":40}},"3":{"start":{"line":8,"column":4},"end":{"line":8,"column":55}},"4":{"start":{"line":9,"column":4},"end":{"line":9,"column":51}},"5":{"start":{"line":11,"column":4},"end":{"line":21,"column":6}},"6":{"start":{"line":22,"column":4},"end":{"line":22,"column":15}},"7":{"start":{"line":25,"column":4},"end":{"line":27,"column":5}},"8":{"start":{"line":26,"column":8},"end":{"line":26,"column":27}},"9":{"start":{"line":30,"column":4},"end":{"line":32,"column":5}},"10":{"start":{"line":31,"column":8},"end":{"line":31,"column":44}},"11":{"start":{"line":34,"column":4},"end":{"line":36,"column":5}},"12":{"start":{"line":35,"column":8},"end":{"line":35,"column":50}},"13":{"start":{"line":38,"column":4},"end":{"line":47,"column":5}},"14":{"start":{"line":39,"column":8},"end":{"line":39,"column":24}},"15":{"start":{"line":40,"column":8},"end":{"line":46,"column":14}},"16":{"start":{"line":50,"column":4},"end":{"line":52,"column":5}},"17":{"start":{"line":51,"column":8},"end":{"line":51,"column":42}},"18":{"start":{"line":54,"column":4},"end":{"line":56,"column":5}},"19":{"start":{"line":55,"column":8},"end":{"line":55,"column":70}},"20":{"start":{"line":58,"column":4},"end":{"line":60,"column":5}},"21":{"start":{"line":59,"column":8},"end":{"line":59,"column":34}}},"branchMap":{}},"E:\\NEU\\MSD\\TA Portal\\srivatsav_personal_git_TA_PORTAL\\taportal\\project\\model\\user\\user.schema.server.js":{"path":"E:\\NEU\\MSD\\TA Portal\\srivatsav_personal_git_TA_PORTAL\\taportal\\project\\model\\user\\user.schema.server.js","s":{"1":1,"2":5,"3":5,"4":5},"b":{},"f":{"1":5},"fnMap":{"1":{"name":"(anonymous_1)","line":6,"loc":{"start":{"line":6,"column":17},"end":{"line":6,"column":29}}}},"statementMap":{"1":{"start":{"line":6,"column":0},"end":{"line":75,"column":2}},"2":{"start":{"line":8,"column":4},"end":{"line":8,"column":39}},"3":{"start":{"line":10,"column":4},"end":{"line":73,"column":38}},"4":{"start":{"line":74,"column":4},"end":{"line":74,"column":22}}},"branchMap":{}},"E:\\NEU\\MSD\\TA Portal\\srivatsav_personal_git_TA_PORTAL\\taportal\\project\\model\\user\\course.model.server.js":{"path":"E:\\NEU\\MSD\\TA Portal\\srivatsav_personal_git_TA_PORTAL\\taportal\\project\\model\\user\\course.model.server.js","s":{"1":1,"2":1,"3":1,"4":1,"5":1,"6":1,"7":1,"8":1,"9":1,"10":1,"11":4,"12":1,"13":1,"14":1,"15":1,"16":1,"17":1,"18":1,"19":3},"b":{},"f":{"1":1,"2":1,"3":4,"4":1,"5":1,"6":1,"7":3},"fnMap":{"1":{"name":"(anonymous_1)","line":5,"loc":{"start":{"line":5,"column":17},"end":{"line":5,"column":29}}},"2":{"name":"updateCourse","line":24,"loc":{"start":{"line":24,"column":4},"end":{"line":24,"column":44}}},"3":{"name":"findAllCourses","line":32,"loc":{"start":{"line":32,"column":4},"end":{"line":32,"column":29}}},"4":{"name":"createCourse","line":36,"loc":{"start":{"line":36,"column":4},"end":{"line":36,"column":34}}},"5":{"name":"deleteCourse","line":41,"loc":{"start":{"line":41,"column":4},"end":{"line":41,"column":36}}},"6":{"name":"findCourseById","line":45,"loc":{"start":{"line":45,"column":4},"end":{"line":45,"column":38}}},"7":{"name":"findCourseByCoursename","line":49,"loc":{"start":{"line":49,"column":4},"end":{"line":49,"column":48}}}},"statementMap":{"1":{"start":{"line":5,"column":0},"end":{"line":55,"column":2}},"2":{"start":{"line":7,"column":4},"end":{"line":7,"column":40}},"3":{"start":{"line":8,"column":4},"end":{"line":8,"column":59}},"4":{"start":{"line":9,"column":4},"end":{"line":9,"column":57}},"5":{"start":{"line":13,"column":4},"end":{"line":20,"column":5}},"6":{"start":{"line":22,"column":4},"end":{"line":22,"column":15}},"7":{"start":{"line":24,"column":4},"end":{"line":30,"column":5}},"8":{"start":{"line":25,"column":8},"end":{"line":25,"column":26}},"9":{"start":{"line":26,"column":8},"end":{"line":29,"column":14}},"10":{"start":{"line":32,"column":4},"end":{"line":34,"column":5}},"11":{"start":{"line":33,"column":8},"end":{"line":33,"column":29}},"12":{"start":{"line":36,"column":4},"end":{"line":39,"column":5}},"13":{"start":{"line":38,"column":8},"end":{"line":38,"column":38}},"14":{"start":{"line":41,"column":4},"end":{"line":43,"column":5}},"15":{"start":{"line":42,"column":8},"end":{"line":42,"column":46}},"16":{"start":{"line":45,"column":4},"end":{"line":47,"column":5}},"17":{"start":{"line":46,"column":8},"end":{"line":46,"column":48}},"18":{"start":{"line":49,"column":4},"end":{"line":51,"column":5}},"19":{"start":{"line":50,"column":8},"end":{"line":50,"column":56}}},"branchMap":{}},"E:\\NEU\\MSD\\TA Portal\\srivatsav_personal_git_TA_PORTAL\\taportal\\project\\model\\user\\course.schema.server.js":{"path":"E:\\NEU\\MSD\\TA Portal\\srivatsav_personal_git_TA_PORTAL\\taportal\\project\\model\\user\\course.schema.server.js","s":{"1":1,"2":1,"3":1,"4":1},"b":{},"f":{"1":1},"fnMap":{"1":{"name":"(anonymous_1)","line":6,"loc":{"start":{"line":6,"column":17},"end":{"line":6,"column":29}}}},"statementMap":{"1":{"start":{"line":6,"column":0},"end":{"line":19,"column":2}},"2":{"start":{"line":7,"column":4},"end":{"line":7,"column":39}},"3":{"start":{"line":9,"column":4},"end":{"line":17,"column":41}},"4":{"start":{"line":18,"column":4},"end":{"line":18,"column":24}}},"branchMap":{}},"E:\\NEU\\MSD\\TA Portal\\srivatsav_personal_git_TA_PORTAL\\taportal\\project\\model\\user\\semester.model.server.js":{"path":"E:\\NEU\\MSD\\TA Portal\\srivatsav_personal_git_TA_PORTAL\\taportal\\project\\model\\user\\semester.model.server.js","s":{"1":1,"2":1,"3":1,"4":1,"5":1,"6":1,"7":1,"8":1,"9":1,"10":1,"11":4,"12":1,"13":1,"14":1,"15":1,"16":1,"17":1,"18":1,"19":1},"b":{},"f":{"1":1,"2":1,"3":4,"4":1,"5":1,"6":1,"7":1},"fnMap":{"1":{"name":"(anonymous_1)","line":6,"loc":{"start":{"line":6,"column":17},"end":{"line":6,"column":29}}},"2":{"name":"updateSemester","line":25,"loc":{"start":{"line":25,"column":4},"end":{"line":25,"column":50}}},"3":{"name":"findAllSemesters","line":33,"loc":{"start":{"line":33,"column":4},"end":{"line":33,"column":31}}},"4":{"name":"createSemester","line":37,"loc":{"start":{"line":37,"column":4},"end":{"line":37,"column":38}}},"5":{"name":"deleteSemester","line":41,"loc":{"start":{"line":41,"column":4},"end":{"line":41,"column":40}}},"6":{"name":"findSemesterById","line":45,"loc":{"start":{"line":45,"column":4},"end":{"line":45,"column":42}}},"7":{"name":"findSemesterBySemestername","line":49,"loc":{"start":{"line":49,"column":4},"end":{"line":49,"column":54}}}},"statementMap":{"1":{"start":{"line":6,"column":0},"end":{"line":56,"column":2}},"2":{"start":{"line":8,"column":4},"end":{"line":8,"column":40}},"3":{"start":{"line":9,"column":4},"end":{"line":9,"column":63}},"4":{"start":{"line":10,"column":4},"end":{"line":10,"column":63}},"5":{"start":{"line":14,"column":4},"end":{"line":21,"column":6}},"6":{"start":{"line":23,"column":4},"end":{"line":23,"column":15}},"7":{"start":{"line":25,"column":4},"end":{"line":31,"column":5}},"8":{"start":{"line":26,"column":8},"end":{"line":26,"column":28}},"9":{"start":{"line":27,"column":8},"end":{"line":30,"column":14}},"10":{"start":{"line":33,"column":4},"end":{"line":35,"column":5}},"11":{"start":{"line":34,"column":8},"end":{"line":34,"column":31}},"12":{"start":{"line":37,"column":4},"end":{"line":39,"column":5}},"13":{"start":{"line":38,"column":8},"end":{"line":38,"column":42}},"14":{"start":{"line":41,"column":4},"end":{"line":43,"column":5}},"15":{"start":{"line":42,"column":8},"end":{"line":42,"column":50}},"16":{"start":{"line":45,"column":4},"end":{"line":47,"column":5}},"17":{"start":{"line":46,"column":8},"end":{"line":46,"column":52}},"18":{"start":{"line":49,"column":4},"end":{"line":51,"column":5}},"19":{"start":{"line":50,"column":8},"end":{"line":50,"column":62}}},"branchMap":{}},"E:\\NEU\\MSD\\TA Portal\\srivatsav_personal_git_TA_PORTAL\\taportal\\project\\model\\user\\semester.schema.server.js":{"path":"E:\\NEU\\MSD\\TA Portal\\srivatsav_personal_git_TA_PORTAL\\taportal\\project\\model\\user\\semester.schema.server.js","s":{"1":1,"2":1,"3":1,"4":1},"b":{},"f":{"1":1},"fnMap":{"1":{"name":"(anonymous_1)","line":7,"loc":{"start":{"line":7,"column":17},"end":{"line":7,"column":29}}}},"statementMap":{"1":{"start":{"line":7,"column":0},"end":{"line":19,"column":2}},"2":{"start":{"line":8,"column":4},"end":{"line":8,"column":39}},"3":{"start":{"line":10,"column":4},"end":{"line":17,"column":43}},"4":{"start":{"line":18,"column":4},"end":{"line":18,"column":26}}},"branchMap":{}},"E:\\NEU\\MSD\\TA Portal\\srivatsav_personal_git_TA_PORTAL\\taportal\\project\\model\\user\\position.model.server.js":{"path":"E:\\NEU\\MSD\\TA Portal\\srivatsav_personal_git_TA_PORTAL\\taportal\\project\\model\\user\\position.model.server.js","s":{"1":1,"2":1,"3":1,"4":1,"5":1,"6":1,"7":1,"8":1,"9":1,"10":1,"11":3,"12":1,"13":0,"14":1,"15":0,"16":1,"17":1},"b":{},"f":{"1":1,"2":1,"3":3,"4":0,"5":0,"6":1},"fnMap":{"1":{"name":"(anonymous_1)","line":7,"loc":{"start":{"line":7,"column":17},"end":{"line":7,"column":29}}},"2":{"name":"updatePosition","line":25,"loc":{"start":{"line":25,"column":4},"end":{"line":25,"column":50}}},"3":{"name":"findAllPositions","line":37,"loc":{"start":{"line":37,"column":4},"end":{"line":37,"column":31}}},"4":{"name":"createPosition","line":41,"loc":{"start":{"line":41,"column":4},"end":{"line":41,"column":38}}},"5":{"name":"deletePosition","line":45,"loc":{"start":{"line":45,"column":4},"end":{"line":45,"column":40}}},"6":{"name":"findPositionById","line":49,"loc":{"start":{"line":49,"column":4},"end":{"line":49,"column":42}}}},"statementMap":{"1":{"start":{"line":7,"column":0},"end":{"line":57,"column":2}},"2":{"start":{"line":9,"column":4},"end":{"line":9,"column":40}},"3":{"start":{"line":10,"column":4},"end":{"line":10,"column":63}},"4":{"start":{"line":11,"column":4},"end":{"line":11,"column":63}},"5":{"start":{"line":15,"column":4},"end":{"line":21,"column":6}},"6":{"start":{"line":23,"column":4},"end":{"line":23,"column":15}},"7":{"start":{"line":25,"column":4},"end":{"line":35,"column":5}},"8":{"start":{"line":26,"column":8},"end":{"line":26,"column":28}},"9":{"start":{"line":27,"column":8},"end":{"line":34,"column":14}},"10":{"start":{"line":37,"column":4},"end":{"line":39,"column":5}},"11":{"start":{"line":38,"column":8},"end":{"line":38,"column":31}},"12":{"start":{"line":41,"column":4},"end":{"line":43,"column":5}},"13":{"start":{"line":42,"column":8},"end":{"line":42,"column":42}},"14":{"start":{"line":45,"column":4},"end":{"line":47,"column":5}},"15":{"start":{"line":46,"column":8},"end":{"line":46,"column":50}},"16":{"start":{"line":49,"column":4},"end":{"line":51,"column":5}},"17":{"start":{"line":50,"column":8},"end":{"line":50,"column":52}}},"branchMap":{}},"E:\\NEU\\MSD\\TA Portal\\srivatsav_personal_git_TA_PORTAL\\taportal\\project\\model\\user\\position.schema.server.js":{"path":"E:\\NEU\\MSD\\TA Portal\\srivatsav_personal_git_TA_PORTAL\\taportal\\project\\model\\user\\position.schema.server.js","s":{"1":1,"2":1,"3":1,"4":1},"b":{},"f":{"1":1},"fnMap":{"1":{"name":"(anonymous_1)","line":5,"loc":{"start":{"line":5,"column":17},"end":{"line":5,"column":29}}}},"statementMap":{"1":{"start":{"line":5,"column":0},"end":{"line":22,"column":2}},"2":{"start":{"line":6,"column":4},"end":{"line":6,"column":39}},"3":{"start":{"line":8,"column":4},"end":{"line":20,"column":43}},"4":{"start":{"line":21,"column":4},"end":{"line":21,"column":26}}},"branchMap":{}},"E:\\NEU\\MSD\\TA Portal\\srivatsav_personal_git_TA_PORTAL\\taportal\\project\\services\\user.service.server.js":{"path":"E:\\NEU\\MSD\\TA Portal\\srivatsav_personal_git_TA_PORTAL\\taportal\\project\\services\\user.service.server.js","s":{"1":1,"2":1,"3":1,"4":1,"5":1,"6":1,"7":1,"8":1,"9":1,"10":1,"11":1,"12":1,"13":1,"14":1,"15":1,"16":1,"17":1,"18":1,"19":1,"20":1,"21":1,"22":1,"23":3,"24":3,"25":0,"26":1,"27":2,"28":2,"29":2,"30":2,"31":2,"32":1,"33":1,"34":1,"35":1,"36":0,"37":2,"38":1,"39":1,"40":0,"41":1,"42":0,"43":1,"44":1,"45":1,"46":1,"47":0,"48":0,"49":1,"50":2,"51":1,"52":0,"53":0,"54":0,"55":1,"56":1,"57":1,"58":1,"59":1,"60":0,"61":1,"62":1,"63":0,"64":0,"65":0,"66":0,"67":0,"68":1,"69":1,"70":1,"71":1,"72":1,"73":1,"74":0,"75":0,"76":0,"77":1,"78":0,"79":0,"80":1,"81":1,"82":1,"83":1,"84":0,"85":1,"86":0,"87":0,"88":0,"89":0,"90":1,"91":4,"92":4,"93":4,"94":1,"95":3,"96":1,"97":2,"98":1,"99":1,"100":1,"101":1,"102":0,"103":1,"104":1,"105":1,"106":0},"b":{"1":[1,1],"2":[1,1],"3":[0,1],"4":[1,0],"5":[1,1],"6":[0,1],"7":[1,0],"8":[0,1],"9":[1,3],"10":[4,2],"11":[1,2]},"f":{"1":1,"2":1,"3":3,"4":3,"5":0,"6":2,"7":2,"8":0,"9":2,"10":1,"11":0,"12":1,"13":1,"14":0,"15":2,"16":0,"17":0,"18":0,"19":1,"20":1,"21":0,"22":0,"23":0,"24":1,"25":1,"26":0,"27":1,"28":0,"29":1,"30":1,"31":0,"32":0,"33":0,"34":0,"35":4,"36":1,"37":1,"38":0,"39":1,"40":1,"41":0},"fnMap":{"1":{"name":"(anonymous_1)","line":10,"loc":{"start":{"line":10,"column":16},"end":{"line":10,"column":37}}},"2":{"name":"logout","line":39,"loc":{"start":{"line":39,"column":4},"end":{"line":39,"column":30}}},"3":{"name":"findallusers","line":45,"loc":{"start":{"line":45,"column":4},"end":{"line":45,"column":36}}},"4":{"name":"(anonymous_4)","line":50,"loc":{"start":{"line":50,"column":16},"end":{"line":50,"column":33}}},"5":{"name":"(anonymous_5)","line":53,"loc":{"start":{"line":53,"column":16},"end":{"line":53,"column":33}}},"6":{"name":"register","line":60,"loc":{"start":{"line":60,"column":4},"end":{"line":60,"column":31}}},"7":{"name":"(anonymous_7)","line":66,"loc":{"start":{"line":66,"column":18},"end":{"line":66,"column":34}}},"8":{"name":"(anonymous_8)","line":78,"loc":{"start":{"line":78,"column":16},"end":{"line":78,"column":31}}},"9":{"name":"(anonymous_9)","line":84,"loc":{"start":{"line":84,"column":16},"end":{"line":84,"column":32}}},"10":{"name":"(anonymous_10)","line":87,"loc":{"start":{"line":87,"column":40},"end":{"line":87,"column":55}}},"11":{"name":"(anonymous_11)","line":96,"loc":{"start":{"line":96,"column":16},"end":{"line":96,"column":31}}},"12":{"name":"localStrategy","line":101,"loc":{"start":{"line":101,"column":4},"end":{"line":101,"column":53}}},"13":{"name":"(anonymous_13)","line":105,"loc":{"start":{"line":105,"column":16},"end":{"line":105,"column":32}}},"14":{"name":"(anonymous_14)","line":114,"loc":{"start":{"line":114,"column":16},"end":{"line":114,"column":30}}},"15":{"name":"serializeUser","line":119,"loc":{"start":{"line":119,"column":4},"end":{"line":119,"column":39}}},"16":{"name":"deserializeUser","line":123,"loc":{"start":{"line":123,"column":4},"end":{"line":123,"column":41}}},"17":{"name":"(anonymous_17)","line":127,"loc":{"start":{"line":127,"column":16},"end":{"line":127,"column":30}}},"18":{"name":"(anonymous_18)","line":130,"loc":{"start":{"line":130,"column":16},"end":{"line":130,"column":29}}},"19":{"name":"login","line":138,"loc":{"start":{"line":138,"column":4},"end":{"line":138,"column":30}}},"20":{"name":"loggedIn","line":144,"loc":{"start":{"line":144,"column":4},"end":{"line":144,"column":31}}},"21":{"name":"updateUser","line":152,"loc":{"start":{"line":152,"column":4},"end":{"line":152,"column":34}}},"22":{"name":"(anonymous_22)","line":160,"loc":{"start":{"line":160,"column":16},"end":{"line":160,"column":33}}},"23":{"name":"(anonymous_23)","line":163,"loc":{"start":{"line":163,"column":16},"end":{"line":163,"column":33}}},"24":{"name":"createUser","line":170,"loc":{"start":{"line":170,"column":4},"end":{"line":170,"column":34}}},"25":{"name":"(anonymous_25)","line":177,"loc":{"start":{"line":177,"column":16},"end":{"line":177,"column":32}}},"26":{"name":"(anonymous_26)","line":187,"loc":{"start":{"line":187,"column":16},"end":{"line":187,"column":31}}},"27":{"name":"(anonymous_27)","line":192,"loc":{"start":{"line":192,"column":16},"end":{"line":192,"column":32}}},"28":{"name":"(anonymous_28)","line":197,"loc":{"start":{"line":197,"column":16},"end":{"line":197,"column":31}}},"29":{"name":"deleteUser","line":205,"loc":{"start":{"line":205,"column":4},"end":{"line":205,"column":33}}},"30":{"name":"(anonymous_30)","line":211,"loc":{"start":{"line":211,"column":18},"end":{"line":211,"column":35}}},"31":{"name":"(anonymous_31)","line":215,"loc":{"start":{"line":215,"column":16},"end":{"line":215,"column":33}}},"32":{"name":"findUserById","line":223,"loc":{"start":{"line":223,"column":4},"end":{"line":223,"column":35}}},"33":{"name":"(anonymous_33)","line":228,"loc":{"start":{"line":228,"column":18},"end":{"line":228,"column":34}}},"34":{"name":"(anonymous_34)","line":231,"loc":{"start":{"line":231,"column":16},"end":{"line":231,"column":33}}},"35":{"name":"getUsers","line":237,"loc":{"start":{"line":237,"column":4},"end":{"line":237,"column":32}}},"36":{"name":"findUserByCredentials","line":249,"loc":{"start":{"line":249,"column":4},"end":{"line":249,"column":65}}},"37":{"name":"(anonymous_37)","line":252,"loc":{"start":{"line":252,"column":18},"end":{"line":252,"column":34}}},"38":{"name":"(anonymous_38)","line":256,"loc":{"start":{"line":256,"column":16},"end":{"line":256,"column":31}}},"39":{"name":"findUserByUsername","line":261,"loc":{"start":{"line":261,"column":4},"end":{"line":261,"column":47}}},"40":{"name":"(anonymous_40)","line":265,"loc":{"start":{"line":265,"column":16},"end":{"line":265,"column":32}}},"41":{"name":"(anonymous_41)","line":268,"loc":{"start":{"line":268,"column":16},"end":{"line":268,"column":33}}}},"statementMap":{"1":{"start":{"line":4,"column":0},"end":{"line":4,"column":35}},"2":{"start":{"line":5,"column":0},"end":{"line":5,"column":55}},"3":{"start":{"line":7,"column":0},"end":{"line":7,"column":38}},"4":{"start":{"line":10,"column":0},"end":{"line":275,"column":2}},"5":{"start":{"line":12,"column":4},"end":{"line":12,"column":37}},"6":{"start":{"line":14,"column":4},"end":{"line":14,"column":35}},"7":{"start":{"line":15,"column":4},"end":{"line":15,"column":38}},"8":{"start":{"line":16,"column":4},"end":{"line":16,"column":40}},"9":{"start":{"line":17,"column":4},"end":{"line":17,"column":38}},"10":{"start":{"line":18,"column":4},"end":{"line":18,"column":36}},"11":{"start":{"line":19,"column":4},"end":{"line":19,"column":69}},"12":{"start":{"line":20,"column":4},"end":{"line":20,"column":47}},"13":{"start":{"line":21,"column":4},"end":{"line":21,"column":48}},"14":{"start":{"line":22,"column":4},"end":{"line":22,"column":45}},"15":{"start":{"line":23,"column":4},"end":{"line":23,"column":47}},"16":{"start":{"line":26,"column":4},"end":{"line":26,"column":63}},"17":{"start":{"line":32,"column":4},"end":{"line":32,"column":42}},"18":{"start":{"line":33,"column":4},"end":{"line":33,"column":46}},"19":{"start":{"line":39,"column":4},"end":{"line":42,"column":5}},"20":{"start":{"line":40,"column":8},"end":{"line":40,"column":21}},"21":{"start":{"line":41,"column":8},"end":{"line":41,"column":28}},"22":{"start":{"line":45,"column":4},"end":{"line":57,"column":5}},"23":{"start":{"line":47,"column":8},"end":{"line":56,"column":14}},"24":{"start":{"line":51,"column":20},"end":{"line":51,"column":36}},"25":{"start":{"line":54,"column":20},"end":{"line":54,"column":40}},"26":{"start":{"line":60,"column":4},"end":{"line":99,"column":5}},"27":{"start":{"line":61,"column":8},"end":{"line":61,"column":28}},"28":{"start":{"line":62,"column":8},"end":{"line":62,"column":41}},"29":{"start":{"line":63,"column":8},"end":{"line":63,"column":41}},"30":{"start":{"line":64,"column":8},"end":{"line":98,"column":19}},"31":{"start":{"line":67,"column":20},"end":{"line":76,"column":21}},"32":{"start":{"line":68,"column":24},"end":{"line":68,"column":67}},"33":{"start":{"line":69,"column":24},"end":{"line":69,"column":31}},"34":{"start":{"line":72,"column":24},"end":{"line":72,"column":79}},"35":{"start":{"line":73,"column":24},"end":{"line":74,"column":50}},"36":{"start":{"line":79,"column":20},"end":{"line":79,"column":46}},"37":{"start":{"line":85,"column":20},"end":{"line":94,"column":21}},"38":{"start":{"line":87,"column":24},"end":{"line":93,"column":26}},"39":{"start":{"line":88,"column":28},"end":{"line":92,"column":29}},"40":{"start":{"line":89,"column":32},"end":{"line":89,"column":58}},"41":{"start":{"line":91,"column":32},"end":{"line":91,"column":47}},"42":{"start":{"line":97,"column":20},"end":{"line":97,"column":46}},"43":{"start":{"line":101,"column":4},"end":{"line":117,"column":5}},"44":{"start":{"line":102,"column":8},"end":{"line":116,"column":19}},"45":{"start":{"line":107,"column":20},"end":{"line":112,"column":21}},"46":{"start":{"line":108,"column":24},"end":{"line":108,"column":40}},"47":{"start":{"line":111,"column":24},"end":{"line":111,"column":54}},"48":{"start":{"line":115,"column":20},"end":{"line":115,"column":30}},"49":{"start":{"line":119,"column":4},"end":{"line":121,"column":5}},"50":{"start":{"line":120,"column":8},"end":{"line":120,"column":25}},"51":{"start":{"line":123,"column":4},"end":{"line":134,"column":5}},"52":{"start":{"line":124,"column":8},"end":{"line":133,"column":14}},"53":{"start":{"line":128,"column":20},"end":{"line":128,"column":37}},"54":{"start":{"line":131,"column":20},"end":{"line":131,"column":36}},"55":{"start":{"line":138,"column":4},"end":{"line":141,"column":5}},"56":{"start":{"line":139,"column":8},"end":{"line":139,"column":28}},"57":{"start":{"line":140,"column":8},"end":{"line":140,"column":23}},"58":{"start":{"line":144,"column":4},"end":{"line":150,"column":5}},"59":{"start":{"line":145,"column":8},"end":{"line":149,"column":9}},"60":{"start":{"line":146,"column":12},"end":{"line":146,"column":31}},"61":{"start":{"line":148,"column":12},"end":{"line":148,"column":26}},"62":{"start":{"line":152,"column":4},"end":{"line":167,"column":5}},"63":{"start":{"line":153,"column":8},"end":{"line":153,"column":35}},"64":{"start":{"line":154,"column":8},"end":{"line":154,"column":28}},"65":{"start":{"line":157,"column":8},"end":{"line":166,"column":14}},"66":{"start":{"line":161,"column":20},"end":{"line":161,"column":40}},"67":{"start":{"line":164,"column":20},"end":{"line":164,"column":40}},"68":{"start":{"line":170,"column":4},"end":{"line":202,"column":5}},"69":{"start":{"line":172,"column":8},"end":{"line":172,"column":41}},"70":{"start":{"line":174,"column":8},"end":{"line":200,"column":14}},"71":{"start":{"line":178,"column":20},"end":{"line":185,"column":21}},"72":{"start":{"line":179,"column":24},"end":{"line":179,"column":60}},"73":{"start":{"line":180,"column":24},"end":{"line":180,"column":31}},"74":{"start":{"line":182,"column":24},"end":{"line":182,"column":79}},"75":{"start":{"line":183,"column":24},"end":{"line":184,"column":49}},"76":{"start":{"line":188,"column":20},"end":{"line":188,"column":50}},"77":{"start":{"line":193,"column":20},"end":{"line":195,"column":21}},"78":{"start":{"line":194,"column":24},"end":{"line":194,"column":44}},"79":{"start":{"line":198,"column":20},"end":{"line":198,"column":50}},"80":{"start":{"line":205,"column":4},"end":{"line":220,"column":5}},"81":{"start":{"line":206,"column":8},"end":{"line":206,"column":39}},"82":{"start":{"line":208,"column":8},"end":{"line":217,"column":19}},"83":{"start":{"line":213,"column":20},"end":{"line":213,"column":34}},"84":{"start":{"line":216,"column":20},"end":{"line":216,"column":52}},"85":{"start":{"line":223,"column":4},"end":{"line":235,"column":5}},"86":{"start":{"line":224,"column":8},"end":{"line":224,"column":35}},"87":{"start":{"line":226,"column":8},"end":{"line":233,"column":19}},"88":{"start":{"line":229,"column":20},"end":{"line":229,"column":35}},"89":{"start":{"line":232,"column":20},"end":{"line":232,"column":52}},"90":{"start":{"line":237,"column":4},"end":{"line":247,"column":5}},"91":{"start":{"line":238,"column":8},"end":{"line":238,"column":42}},"92":{"start":{"line":239,"column":8},"end":{"line":239,"column":42}},"93":{"start":{"line":240,"column":8},"end":{"line":246,"column":9}},"94":{"start":{"line":241,"column":12},"end":{"line":241,"column":64}},"95":{"start":{"line":242,"column":15},"end":{"line":246,"column":9}},"96":{"start":{"line":243,"column":12},"end":{"line":243,"column":46}},"97":{"start":{"line":245,"column":12},"end":{"line":245,"column":27}},"98":{"start":{"line":249,"column":4},"end":{"line":259,"column":5}},"99":{"start":{"line":250,"column":8},"end":{"line":258,"column":19}},"100":{"start":{"line":253,"column":20},"end":{"line":253,"column":50}},"101":{"start":{"line":254,"column":20},"end":{"line":254,"column":35}},"102":{"start":{"line":257,"column":20},"end":{"line":257,"column":50}},"103":{"start":{"line":261,"column":4},"end":{"line":272,"column":5}},"104":{"start":{"line":262,"column":8},"end":{"line":271,"column":14}},"105":{"start":{"line":266,"column":20},"end":{"line":266,"column":35}},"106":{"start":{"line":269,"column":20},"end":{"line":269,"column":52}}},"branchMap":{"1":{"line":67,"type":"if","locations":[{"start":{"line":67,"column":20},"end":{"line":67,"column":20}},{"start":{"line":67,"column":20},"end":{"line":67,"column":20}}]},"2":{"line":85,"type":"if","locations":[{"start":{"line":85,"column":20},"end":{"line":85,"column":20}},{"start":{"line":85,"column":20},"end":{"line":85,"column":20}}]},"3":{"line":88,"type":"if","locations":[{"start":{"line":88,"column":28},"end":{"line":88,"column":28}},{"start":{"line":88,"column":28},"end":{"line":88,"column":28}}]},"4":{"line":107,"type":"if","locations":[{"start":{"line":107,"column":20},"end":{"line":107,"column":20}},{"start":{"line":107,"column":20},"end":{"line":107,"column":20}}]},"5":{"line":107,"type":"binary-expr","locations":[{"start":{"line":107,"column":23},"end":{"line":107,"column":27}},{"start":{"line":107,"column":31},"end":{"line":107,"column":74}}]},"6":{"line":145,"type":"if","locations":[{"start":{"line":145,"column":8},"end":{"line":145,"column":8}},{"start":{"line":145,"column":8},"end":{"line":145,"column":8}}]},"7":{"line":178,"type":"if","locations":[{"start":{"line":178,"column":20},"end":{"line":178,"column":20}},{"start":{"line":178,"column":20},"end":{"line":178,"column":20}}]},"8":{"line":193,"type":"if","locations":[{"start":{"line":193,"column":20},"end":{"line":193,"column":20}},{"start":{"line":193,"column":20},"end":{"line":193,"column":20}}]},"9":{"line":240,"type":"if","locations":[{"start":{"line":240,"column":8},"end":{"line":240,"column":8}},{"start":{"line":240,"column":8},"end":{"line":240,"column":8}}]},"10":{"line":240,"type":"binary-expr","locations":[{"start":{"line":240,"column":11},"end":{"line":240,"column":19}},{"start":{"line":240,"column":23},"end":{"line":240,"column":31}}]},"11":{"line":242,"type":"if","locations":[{"start":{"line":242,"column":15},"end":{"line":242,"column":15}},{"start":{"line":242,"column":15},"end":{"line":242,"column":15}}]}}},"E:\\NEU\\MSD\\TA Portal\\srivatsav_personal_git_TA_PORTAL\\taportal\\project\\services\\coursesandsemesters.service.server.js":{"path":"E:\\NEU\\MSD\\TA Portal\\srivatsav_personal_git_TA_PORTAL\\taportal\\project\\services\\coursesandsemesters.service.server.js","s":{"1":1,"2":1,"3":1,"4":1,"5":1,"6":1,"7":1,"8":1,"9":1,"10":1,"11":1,"12":1,"13":1,"14":1,"15":1,"16":1,"17":1,"18":0,"19":1,"20":1,"21":1,"22":1,"23":1,"24":0,"25":1,"26":1,"27":1,"28":1,"29":0,"30":1,"31":4,"32":4,"33":0,"34":1,"35":3,"36":3,"37":3,"38":2,"39":2,"40":1,"41":0,"42":3,"43":1,"44":0,"45":1,"46":0,"47":0,"48":0,"49":1,"50":1,"51":1,"52":1,"53":0,"54":1,"55":1,"56":1,"57":1,"58":1,"59":0,"60":1,"61":1,"62":1,"63":1,"64":0,"65":1,"66":4,"67":4,"68":0,"69":1,"70":1,"71":1,"72":1,"73":1,"74":0,"75":0,"76":1,"77":0,"78":1,"79":1,"80":0,"81":1,"82":0,"83":0,"84":0},"b":{"1":[2,1],"2":[1,2],"3":[0,1],"4":[1,0]},"f":{"1":1,"2":1,"3":1,"4":0,"5":1,"6":1,"7":0,"8":1,"9":1,"10":0,"11":4,"12":4,"13":0,"14":3,"15":3,"16":0,"17":3,"18":0,"19":0,"20":0,"21":0,"22":1,"23":1,"24":0,"25":1,"26":1,"27":0,"28":1,"29":1,"30":0,"31":4,"32":4,"33":0,"34":1,"35":1,"36":0,"37":1,"38":0,"39":0,"40":0,"41":0},"fnMap":{"1":{"name":"(anonymous_1)","line":4,"loc":{"start":{"line":4,"column":16},"end":{"line":4,"column":37}}},"2":{"name":"findCourseById","line":22,"loc":{"start":{"line":22,"column":4},"end":{"line":22,"column":38}}},"3":{"name":"(anonymous_3)","line":27,"loc":{"start":{"line":27,"column":18},"end":{"line":27,"column":36}}},"4":{"name":"(anonymous_4)","line":29,"loc":{"start":{"line":29,"column":15},"end":{"line":29,"column":32}}},"5":{"name":"updateCourse","line":35,"loc":{"start":{"line":35,"column":4},"end":{"line":35,"column":36}}},"6":{"name":"(anonymous_6)","line":43,"loc":{"start":{"line":43,"column":16},"end":{"line":43,"column":33}}},"7":{"name":"(anonymous_7)","line":46,"loc":{"start":{"line":46,"column":16},"end":{"line":46,"column":33}}},"8":{"name":"deleteCourse","line":53,"loc":{"start":{"line":53,"column":4},"end":{"line":53,"column":35}}},"9":{"name":"(anonymous_9)","line":60,"loc":{"start":{"line":60,"column":18},"end":{"line":60,"column":35}}},"10":{"name":"(anonymous_10)","line":63,"loc":{"start":{"line":63,"column":16},"end":{"line":63,"column":33}}},"11":{"name":"findallcourses","line":69,"loc":{"start":{"line":69,"column":4},"end":{"line":69,"column":37}}},"12":{"name":"(anonymous_12)","line":73,"loc":{"start":{"line":73,"column":16},"end":{"line":73,"column":35}}},"13":{"name":"(anonymous_13)","line":76,"loc":{"start":{"line":76,"column":16},"end":{"line":76,"column":33}}},"14":{"name":"createCourse","line":84,"loc":{"start":{"line":84,"column":4},"end":{"line":84,"column":36}}},"15":{"name":"(anonymous_15)","line":90,"loc":{"start":{"line":90,"column":16},"end":{"line":90,"column":34}}},"16":{"name":"(anonymous_16)","line":98,"loc":{"start":{"line":98,"column":19},"end":{"line":98,"column":34}}},"17":{"name":"(anonymous_17)","line":103,"loc":{"start":{"line":103,"column":12},"end":{"line":103,"column":30}}},"18":{"name":"(anonymous_18)","line":108,"loc":{"start":{"line":108,"column":12},"end":{"line":108,"column":27}}},"19":{"name":"findCourseByCoursename","line":115,"loc":{"start":{"line":115,"column":4},"end":{"line":115,"column":53}}},"20":{"name":"(anonymous_20)","line":119,"loc":{"start":{"line":119,"column":16},"end":{"line":119,"column":34}}},"21":{"name":"(anonymous_21)","line":122,"loc":{"start":{"line":122,"column":16},"end":{"line":122,"column":33}}},"22":{"name":"findSemesterById","line":131,"loc":{"start":{"line":131,"column":4},"end":{"line":131,"column":40}}},"23":{"name":"(anonymous_23)","line":136,"loc":{"start":{"line":136,"column":18},"end":{"line":136,"column":38}}},"24":{"name":"(anonymous_24)","line":138,"loc":{"start":{"line":138,"column":15},"end":{"line":138,"column":32}}},"25":{"name":"updateSemester","line":143,"loc":{"start":{"line":143,"column":4},"end":{"line":143,"column":38}}},"26":{"name":"(anonymous_26)","line":151,"loc":{"start":{"line":151,"column":16},"end":{"line":151,"column":33}}},"27":{"name":"(anonymous_27)","line":154,"loc":{"start":{"line":154,"column":16},"end":{"line":154,"column":33}}},"28":{"name":"deleteSemester","line":161,"loc":{"start":{"line":161,"column":4},"end":{"line":161,"column":37}}},"29":{"name":"(anonymous_29)","line":168,"loc":{"start":{"line":168,"column":18},"end":{"line":168,"column":35}}},"30":{"name":"(anonymous_30)","line":171,"loc":{"start":{"line":171,"column":16},"end":{"line":171,"column":33}}},"31":{"name":"findallsemesters","line":177,"loc":{"start":{"line":177,"column":4},"end":{"line":177,"column":39}}},"32":{"name":"(anonymous_32)","line":181,"loc":{"start":{"line":181,"column":16},"end":{"line":181,"column":37}}},"33":{"name":"(anonymous_33)","line":184,"loc":{"start":{"line":184,"column":16},"end":{"line":184,"column":33}}},"34":{"name":"createSemester","line":192,"loc":{"start":{"line":192,"column":4},"end":{"line":192,"column":38}}},"35":{"name":"(anonymous_35)","line":199,"loc":{"start":{"line":199,"column":16},"end":{"line":199,"column":36}}},"36":{"name":"(anonymous_36)","line":207,"loc":{"start":{"line":207,"column":19},"end":{"line":207,"column":34}}},"37":{"name":"(anonymous_37)","line":212,"loc":{"start":{"line":212,"column":16},"end":{"line":212,"column":36}}},"38":{"name":"(anonymous_38)","line":217,"loc":{"start":{"line":217,"column":16},"end":{"line":217,"column":31}}},"39":{"name":"findSemesterBySemestername","line":224,"loc":{"start":{"line":224,"column":4},"end":{"line":224,"column":59}}},"40":{"name":"(anonymous_40)","line":228,"loc":{"start":{"line":228,"column":16},"end":{"line":228,"column":36}}},"41":{"name":"(anonymous_41)","line":231,"loc":{"start":{"line":231,"column":16},"end":{"line":231,"column":33}}}},"statementMap":{"1":{"start":{"line":4,"column":0},"end":{"line":239,"column":2}},"2":{"start":{"line":6,"column":4},"end":{"line":6,"column":41}},"3":{"start":{"line":7,"column":4},"end":{"line":7,"column":45}},"4":{"start":{"line":9,"column":4},"end":{"line":9,"column":42}},"5":{"start":{"line":10,"column":4},"end":{"line":10,"column":53}},"6":{"start":{"line":11,"column":4},"end":{"line":11,"column":54}},"7":{"start":{"line":12,"column":4},"end":{"line":12,"column":51}},"8":{"start":{"line":13,"column":4},"end":{"line":13,"column":51}},"9":{"start":{"line":16,"column":4},"end":{"line":16,"column":46}},"10":{"start":{"line":17,"column":4},"end":{"line":17,"column":59}},"11":{"start":{"line":18,"column":4},"end":{"line":18,"column":60}},"12":{"start":{"line":19,"column":4},"end":{"line":19,"column":57}},"13":{"start":{"line":20,"column":4},"end":{"line":20,"column":55}},"14":{"start":{"line":22,"column":4},"end":{"line":32,"column":5}},"15":{"start":{"line":23,"column":8},"end":{"line":23,"column":37}},"16":{"start":{"line":25,"column":8},"end":{"line":31,"column":15}},"17":{"start":{"line":28,"column":16},"end":{"line":28,"column":33}},"18":{"start":{"line":30,"column":16},"end":{"line":30,"column":48}},"19":{"start":{"line":35,"column":4},"end":{"line":50,"column":5}},"20":{"start":{"line":36,"column":8},"end":{"line":36,"column":37}},"21":{"start":{"line":37,"column":8},"end":{"line":37,"column":30}},"22":{"start":{"line":40,"column":8},"end":{"line":49,"column":14}},"23":{"start":{"line":44,"column":20},"end":{"line":44,"column":40}},"24":{"start":{"line":47,"column":20},"end":{"line":47,"column":40}},"25":{"start":{"line":53,"column":4},"end":{"line":66,"column":5}},"26":{"start":{"line":55,"column":8},"end":{"line":55,"column":43}},"27":{"start":{"line":57,"column":8},"end":{"line":65,"column":19}},"28":{"start":{"line":61,"column":16},"end":{"line":61,"column":30}},"29":{"start":{"line":64,"column":20},"end":{"line":64,"column":52}},"30":{"start":{"line":69,"column":4},"end":{"line":80,"column":5}},"31":{"start":{"line":70,"column":7},"end":{"line":79,"column":14}},"32":{"start":{"line":74,"column":20},"end":{"line":74,"column":38}},"33":{"start":{"line":77,"column":20},"end":{"line":77,"column":40}},"34":{"start":{"line":84,"column":4},"end":{"line":112,"column":5}},"35":{"start":{"line":86,"column":8},"end":{"line":86,"column":30}},"36":{"start":{"line":87,"column":8},"end":{"line":111,"column":10}},"37":{"start":{"line":91,"column":20},"end":{"line":97,"column":21}},"38":{"start":{"line":92,"column":24},"end":{"line":92,"column":58}},"39":{"start":{"line":93,"column":24},"end":{"line":93,"column":31}},"40":{"start":{"line":95,"column":24},"end":{"line":96,"column":51}},"41":{"start":{"line":99,"column":20},"end":{"line":99,"column":50}},"42":{"start":{"line":104,"column":16},"end":{"line":106,"column":17}},"43":{"start":{"line":105,"column":20},"end":{"line":105,"column":40}},"44":{"start":{"line":109,"column":16},"end":{"line":109,"column":46}},"45":{"start":{"line":115,"column":4},"end":{"line":126,"column":5}},"46":{"start":{"line":116,"column":8},"end":{"line":125,"column":14}},"47":{"start":{"line":120,"column":20},"end":{"line":120,"column":37}},"48":{"start":{"line":123,"column":20},"end":{"line":123,"column":52}},"49":{"start":{"line":131,"column":4},"end":{"line":141,"column":5}},"50":{"start":{"line":132,"column":8},"end":{"line":132,"column":39}},"51":{"start":{"line":134,"column":8},"end":{"line":140,"column":15}},"52":{"start":{"line":137,"column":16},"end":{"line":137,"column":35}},"53":{"start":{"line":139,"column":16},"end":{"line":139,"column":48}},"54":{"start":{"line":143,"column":4},"end":{"line":158,"column":5}},"55":{"start":{"line":144,"column":8},"end":{"line":144,"column":39}},"56":{"start":{"line":145,"column":8},"end":{"line":145,"column":32}},"57":{"start":{"line":148,"column":8},"end":{"line":157,"column":14}},"58":{"start":{"line":152,"column":20},"end":{"line":152,"column":40}},"59":{"start":{"line":155,"column":20},"end":{"line":155,"column":40}},"60":{"start":{"line":161,"column":4},"end":{"line":174,"column":5}},"61":{"start":{"line":163,"column":8},"end":{"line":163,"column":47}},"62":{"start":{"line":165,"column":8},"end":{"line":173,"column":19}},"63":{"start":{"line":169,"column":20},"end":{"line":169,"column":34}},"64":{"start":{"line":172,"column":20},"end":{"line":172,"column":52}},"65":{"start":{"line":177,"column":4},"end":{"line":188,"column":5}},"66":{"start":{"line":178,"column":8},"end":{"line":187,"column":14}},"67":{"start":{"line":182,"column":20},"end":{"line":182,"column":40}},"68":{"start":{"line":185,"column":20},"end":{"line":185,"column":40}},"69":{"start":{"line":192,"column":4},"end":{"line":221,"column":5}},"70":{"start":{"line":194,"column":8},"end":{"line":194,"column":32}},"71":{"start":{"line":195,"column":8},"end":{"line":195,"column":30}},"72":{"start":{"line":196,"column":8},"end":{"line":220,"column":14}},"73":{"start":{"line":200,"column":20},"end":{"line":206,"column":21}},"74":{"start":{"line":201,"column":24},"end":{"line":201,"column":60}},"75":{"start":{"line":202,"column":24},"end":{"line":202,"column":31}},"76":{"start":{"line":204,"column":24},"end":{"line":205,"column":53}},"77":{"start":{"line":208,"column":20},"end":{"line":208,"column":50}},"78":{"start":{"line":213,"column":20},"end":{"line":215,"column":21}},"79":{"start":{"line":214,"column":24},"end":{"line":214,"column":44}},"80":{"start":{"line":218,"column":20},"end":{"line":218,"column":50}},"81":{"start":{"line":224,"column":4},"end":{"line":235,"column":5}},"82":{"start":{"line":225,"column":8},"end":{"line":234,"column":14}},"83":{"start":{"line":229,"column":20},"end":{"line":229,"column":39}},"84":{"start":{"line":232,"column":20},"end":{"line":232,"column":52}}},"branchMap":{"1":{"line":91,"type":"if","locations":[{"start":{"line":91,"column":20},"end":{"line":91,"column":20}},{"start":{"line":91,"column":20},"end":{"line":91,"column":20}}]},"2":{"line":104,"type":"if","locations":[{"start":{"line":104,"column":16},"end":{"line":104,"column":16}},{"start":{"line":104,"column":16},"end":{"line":104,"column":16}}]},"3":{"line":200,"type":"if","locations":[{"start":{"line":200,"column":20},"end":{"line":200,"column":20}},{"start":{"line":200,"column":20},"end":{"line":200,"column":20}}]},"4":{"line":213,"type":"if","locations":[{"start":{"line":213,"column":20},"end":{"line":213,"column":20}},{"start":{"line":213,"column":20},"end":{"line":213,"column":20}}]}}},"E:\\NEU\\MSD\\TA Portal\\srivatsav_personal_git_TA_PORTAL\\taportal\\project\\services\\position.service.server.js":{"path":"E:\\NEU\\MSD\\TA Portal\\srivatsav_personal_git_TA_PORTAL\\taportal\\project\\services\\position.service.server.js","s":{"1":1,"2":1,"3":1,"4":1,"5":1,"6":1,"7":1,"8":1,"9":1,"10":1,"11":0,"12":1,"13":1,"14":1,"15":1,"16":1,"17":0,"18":0,"19":1,"20":1,"21":1,"22":0,"23":0,"24":1,"25":3,"26":3,"27":0,"28":1,"29":2,"30":2,"31":0,"32":0,"33":0,"34":0,"35":0},"b":{"1":[0,0]},"f":{"1":1,"2":1,"3":0,"4":1,"5":1,"6":0,"7":0,"8":1,"9":0,"10":0,"11":3,"12":3,"13":0,"14":2,"15":0,"16":0,"17":0,"18":0},"fnMap":{"1":{"name":"(anonymous_1)","line":5,"loc":{"start":{"line":5,"column":16},"end":{"line":5,"column":37}}},"2":{"name":"findPositionById","line":17,"loc":{"start":{"line":17,"column":4},"end":{"line":17,"column":40}}},"3":{"name":"(anonymous_3)","line":21,"loc":{"start":{"line":21,"column":18},"end":{"line":21,"column":38}}},"4":{"name":"(anonymous_4)","line":23,"loc":{"start":{"line":23,"column":15},"end":{"line":23,"column":32}}},"5":{"name":"updatePosition","line":29,"loc":{"start":{"line":29,"column":4},"end":{"line":29,"column":38}}},"6":{"name":"(anonymous_6)","line":35,"loc":{"start":{"line":35,"column":16},"end":{"line":35,"column":33}}},"7":{"name":"(anonymous_7)","line":38,"loc":{"start":{"line":38,"column":16},"end":{"line":38,"column":33}}},"8":{"name":"deletePosition","line":45,"loc":{"start":{"line":45,"column":4},"end":{"line":45,"column":37}}},"9":{"name":"(anonymous_9)","line":52,"loc":{"start":{"line":52,"column":18},"end":{"line":52,"column":35}}},"10":{"name":"(anonymous_10)","line":55,"loc":{"start":{"line":55,"column":16},"end":{"line":55,"column":33}}},"11":{"name":"findallpositions","line":61,"loc":{"start":{"line":61,"column":4},"end":{"line":61,"column":39}}},"12":{"name":"(anonymous_12)","line":65,"loc":{"start":{"line":65,"column":16},"end":{"line":65,"column":37}}},"13":{"name":"(anonymous_13)","line":68,"loc":{"start":{"line":68,"column":16},"end":{"line":68,"column":33}}},"14":{"name":"createPosition","line":76,"loc":{"start":{"line":76,"column":4},"end":{"line":76,"column":38}}},"15":{"name":"(anonymous_15)","line":82,"loc":{"start":{"line":82,"column":16},"end":{"line":82,"column":36}}},"16":{"name":"(anonymous_16)","line":86,"loc":{"start":{"line":86,"column":19},"end":{"line":86,"column":34}}},"17":{"name":"(anonymous_17)","line":91,"loc":{"start":{"line":91,"column":16},"end":{"line":91,"column":36}}},"18":{"name":"(anonymous_18)","line":96,"loc":{"start":{"line":96,"column":16},"end":{"line":96,"column":31}}}},"statementMap":{"1":{"start":{"line":5,"column":0},"end":{"line":104,"column":2}},"2":{"start":{"line":7,"column":4},"end":{"line":7,"column":45}},"3":{"start":{"line":9,"column":4},"end":{"line":9,"column":46}},"4":{"start":{"line":10,"column":4},"end":{"line":10,"column":59}},"5":{"start":{"line":11,"column":4},"end":{"line":11,"column":60}},"6":{"start":{"line":12,"column":4},"end":{"line":12,"column":57}},"7":{"start":{"line":13,"column":4},"end":{"line":13,"column":55}},"8":{"start":{"line":17,"column":4},"end":{"line":26,"column":5}},"9":{"start":{"line":18,"column":8},"end":{"line":18,"column":39}},"10":{"start":{"line":19,"column":8},"end":{"line":25,"column":15}},"11":{"start":{"line":22,"column":16},"end":{"line":22,"column":35}},"12":{"start":{"line":24,"column":16},"end":{"line":24,"column":48}},"13":{"start":{"line":29,"column":4},"end":{"line":42,"column":5}},"14":{"start":{"line":30,"column":8},"end":{"line":30,"column":39}},"15":{"start":{"line":31,"column":8},"end":{"line":31,"column":32}},"16":{"start":{"line":32,"column":8},"end":{"line":41,"column":14}},"17":{"start":{"line":36,"column":20},"end":{"line":36,"column":40}},"18":{"start":{"line":39,"column":20},"end":{"line":39,"column":40}},"19":{"start":{"line":45,"column":4},"end":{"line":58,"column":5}},"20":{"start":{"line":47,"column":8},"end":{"line":47,"column":45}},"21":{"start":{"line":49,"column":8},"end":{"line":57,"column":19}},"22":{"start":{"line":53,"column":20},"end":{"line":53,"column":34}},"23":{"start":{"line":56,"column":20},"end":{"line":56,"column":52}},"24":{"start":{"line":61,"column":4},"end":{"line":72,"column":5}},"25":{"start":{"line":62,"column":8},"end":{"line":71,"column":14}},"26":{"start":{"line":66,"column":20},"end":{"line":66,"column":40}},"27":{"start":{"line":69,"column":20},"end":{"line":69,"column":40}},"28":{"start":{"line":76,"column":4},"end":{"line":100,"column":5}},"29":{"start":{"line":78,"column":8},"end":{"line":78,"column":32}},"30":{"start":{"line":79,"column":8},"end":{"line":99,"column":14}},"31":{"start":{"line":83,"column":20},"end":{"line":84,"column":49}},"32":{"start":{"line":87,"column":20},"end":{"line":87,"column":50}},"33":{"start":{"line":92,"column":20},"end":{"line":94,"column":21}},"34":{"start":{"line":93,"column":24},"end":{"line":93,"column":44}},"35":{"start":{"line":97,"column":20},"end":{"line":97,"column":50}}},"branchMap":{"1":{"line":92,"type":"if","locations":[{"start":{"line":92,"column":20},"end":{"line":92,"column":20}},{"start":{"line":92,"column":20},"end":{"line":92,"column":20}}]}}},"E:\\NEU\\MSD\\TA Portal\\srivatsav_personal_git_TA_PORTAL\\taportal\\testspec\\testForCoursesAndSem.js":{"path":"E:\\NEU\\MSD\\TA Portal\\srivatsav_personal_git_TA_PORTAL\\taportal\\testspec\\testForCoursesAndSem.js","s":{"1":1,"2":1,"3":1,"4":1,"5":1,"6":1,"7":1,"8":1,"9":1,"10":1,"11":1,"12":1,"13":1,"14":1,"15":1,"16":1,"17":1,"18":1,"19":1,"20":1,"21":1,"22":1,"23":1,"24":1,"25":1,"26":1,"27":1,"28":1,"29":1,"30":1,"31":1,"32":1,"33":1,"34":1,"35":1,"36":1,"37":1,"38":1,"39":1,"40":1,"41":1,"42":1,"43":1,"44":1,"45":1,"46":1,"47":1,"48":1,"49":1,"50":1,"51":1,"52":1,"53":1,"54":1,"55":1,"56":1,"57":1,"58":1,"59":1,"60":1,"61":1,"62":1,"63":1,"64":1,"65":1,"66":1,"67":1,"68":1,"69":1,"70":1,"71":1,"72":1,"73":1,"74":1,"75":1,"76":1,"77":1,"78":1,"79":1},"b":{},"f":{"1":1,"2":1,"3":1,"4":1,"5":1,"6":1,"7":1,"8":1,"9":1,"10":1,"11":1,"12":1,"13":1,"14":1,"15":1,"16":1,"17":1,"18":1,"19":1,"20":1,"21":1,"22":1,"23":1,"24":1,"25":1,"26":1,"27":1,"28":1,"29":1,"30":1,"31":1,"32":1,"33":1,"34":1,"35":1,"36":1},"fnMap":{"1":{"name":"(anonymous_1)","line":23,"loc":{"start":{"line":23,"column":28},"end":{"line":23,"column":39}}},"2":{"name":"(anonymous_2)","line":25,"loc":{"start":{"line":25,"column":34},"end":{"line":25,"column":50}}},"3":{"name":"(anonymous_3)","line":28,"loc":{"start":{"line":28,"column":17},"end":{"line":28,"column":37}}},"4":{"name":"(anonymous_4)","line":35,"loc":{"start":{"line":35,"column":40},"end":{"line":35,"column":56}}},"5":{"name":"(anonymous_5)","line":38,"loc":{"start":{"line":38,"column":17},"end":{"line":38,"column":37}}},"6":{"name":"(anonymous_6)","line":45,"loc":{"start":{"line":45,"column":31},"end":{"line":45,"column":47}}},"7":{"name":"(anonymous_7)","line":49,"loc":{"start":{"line":49,"column":17},"end":{"line":49,"column":37}}},"8":{"name":"(anonymous_8)","line":55,"loc":{"start":{"line":55,"column":49},"end":{"line":55,"column":65}}},"9":{"name":"(anonymous_9)","line":59,"loc":{"start":{"line":59,"column":17},"end":{"line":59,"column":37}}},"10":{"name":"(anonymous_10)","line":66,"loc":{"start":{"line":66,"column":33},"end":{"line":66,"column":49}}},"11":{"name":"(anonymous_11)","line":69,"loc":{"start":{"line":69,"column":17},"end":{"line":69,"column":35}}},"12":{"name":"(anonymous_12)","line":73,"loc":{"start":{"line":73,"column":17},"end":{"line":73,"column":44}}},"13":{"name":"(anonymous_13)","line":100,"loc":{"start":{"line":100,"column":41},"end":{"line":100,"column":57}}},"14":{"name":"(anonymous_14)","line":103,"loc":{"start":{"line":103,"column":17},"end":{"line":103,"column":37}}},"15":{"name":"(anonymous_15)","line":106,"loc":{"start":{"line":106,"column":25},"end":{"line":106,"column":52}}},"16":{"name":"(anonymous_16)","line":114,"loc":{"start":{"line":114,"column":33},"end":{"line":114,"column":49}}},"17":{"name":"(anonymous_17)","line":117,"loc":{"start":{"line":117,"column":17},"end":{"line":117,"column":35}}},"18":{"name":"(anonymous_18)","line":120,"loc":{"start":{"line":120,"column":17},"end":{"line":120,"column":44}}},"19":{"name":"(anonymous_19)","line":131,"loc":{"start":{"line":131,"column":30},"end":{"line":131,"column":41}}},"20":{"name":"(anonymous_20)","line":133,"loc":{"start":{"line":133,"column":36},"end":{"line":133,"column":52}}},"21":{"name":"(anonymous_21)","line":136,"loc":{"start":{"line":136,"column":17},"end":{"line":136,"column":37}}},"22":{"name":"(anonymous_22)","line":143,"loc":{"start":{"line":143,"column":42},"end":{"line":143,"column":58}}},"23":{"name":"(anonymous_23)","line":146,"loc":{"start":{"line":146,"column":17},"end":{"line":146,"column":37}}},"24":{"name":"(anonymous_24)","line":153,"loc":{"start":{"line":153,"column":33},"end":{"line":153,"column":49}}},"25":{"name":"(anonymous_25)","line":157,"loc":{"start":{"line":157,"column":17},"end":{"line":157,"column":37}}},"26":{"name":"(anonymous_26)","line":163,"loc":{"start":{"line":163,"column":51},"end":{"line":163,"column":67}}},"27":{"name":"(anonymous_27)","line":167,"loc":{"start":{"line":167,"column":17},"end":{"line":167,"column":37}}},"28":{"name":"(anonymous_28)","line":174,"loc":{"start":{"line":174,"column":35},"end":{"line":174,"column":51}}},"29":{"name":"(anonymous_29)","line":177,"loc":{"start":{"line":177,"column":17},"end":{"line":177,"column":35}}},"30":{"name":"(anonymous_30)","line":181,"loc":{"start":{"line":181,"column":25},"end":{"line":181,"column":52}}},"31":{"name":"(anonymous_31)","line":191,"loc":{"start":{"line":191,"column":45},"end":{"line":191,"column":61}}},"32":{"name":"(anonymous_32)","line":194,"loc":{"start":{"line":194,"column":17},"end":{"line":194,"column":37}}},"33":{"name":"(anonymous_33)","line":197,"loc":{"start":{"line":197,"column":25},"end":{"line":197,"column":52}}},"34":{"name":"(anonymous_34)","line":205,"loc":{"start":{"line":205,"column":35},"end":{"line":205,"column":51}}},"35":{"name":"(anonymous_35)","line":208,"loc":{"start":{"line":208,"column":17},"end":{"line":208,"column":35}}},"36":{"name":"(anonymous_36)","line":211,"loc":{"start":{"line":211,"column":25},"end":{"line":211,"column":52}}}},"statementMap":{"1":{"start":{"line":5,"column":0},"end":{"line":5,"column":27}},"2":{"start":{"line":6,"column":0},"end":{"line":6,"column":36}},"3":{"start":{"line":7,"column":0},"end":{"line":7,"column":34}},"4":{"start":{"line":9,"column":0},"end":{"line":9,"column":27}},"5":{"start":{"line":11,"column":0},"end":{"line":11,"column":36}},"6":{"start":{"line":13,"column":0},"end":{"line":13,"column":71}},"7":{"start":{"line":15,"column":0},"end":{"line":15,"column":33}},"8":{"start":{"line":17,"column":0},"end":{"line":17,"column":20}},"9":{"start":{"line":18,"column":0},"end":{"line":18,"column":18}},"10":{"start":{"line":19,"column":0},"end":{"line":19,"column":19}},"11":{"start":{"line":21,"column":0},"end":{"line":21,"column":13}},"12":{"start":{"line":23,"column":0},"end":{"line":129,"column":3}},"13":{"start":{"line":25,"column":4},"end":{"line":32,"column":7}},"14":{"start":{"line":26,"column":8},"end":{"line":31,"column":14}},"15":{"start":{"line":29,"column":16},"end":{"line":29,"column":44}},"16":{"start":{"line":30,"column":16},"end":{"line":30,"column":23}},"17":{"start":{"line":35,"column":4},"end":{"line":42,"column":7}},"18":{"start":{"line":36,"column":8},"end":{"line":41,"column":14}},"19":{"start":{"line":39,"column":16},"end":{"line":39,"column":44}},"20":{"start":{"line":40,"column":16},"end":{"line":40,"column":23}},"21":{"start":{"line":45,"column":4},"end":{"line":53,"column":7}},"22":{"start":{"line":46,"column":8},"end":{"line":52,"column":15}},"23":{"start":{"line":50,"column":16},"end":{"line":50,"column":44}},"24":{"start":{"line":51,"column":16},"end":{"line":51,"column":23}},"25":{"start":{"line":55,"column":4},"end":{"line":63,"column":7}},"26":{"start":{"line":56,"column":8},"end":{"line":62,"column":15}},"27":{"start":{"line":60,"column":16},"end":{"line":60,"column":44}},"28":{"start":{"line":61,"column":16},"end":{"line":61,"column":23}},"29":{"start":{"line":66,"column":4},"end":{"line":80,"column":7}},"30":{"start":{"line":67,"column":8},"end":{"line":78,"column":11}},"31":{"start":{"line":70,"column":8},"end":{"line":76,"column":15}},"32":{"start":{"line":74,"column":16},"end":{"line":74,"column":49}},"33":{"start":{"line":75,"column":16},"end":{"line":75,"column":23}},"34":{"start":{"line":77,"column":12},"end":{"line":77,"column":19}},"35":{"start":{"line":100,"column":4},"end":{"line":111,"column":7}},"36":{"start":{"line":101,"column":8},"end":{"line":110,"column":15}},"37":{"start":{"line":104,"column":16},"end":{"line":109,"column":23}},"38":{"start":{"line":107,"column":24},"end":{"line":107,"column":57}},"39":{"start":{"line":108,"column":24},"end":{"line":108,"column":31}},"40":{"start":{"line":114,"column":4},"end":{"line":126,"column":7}},"41":{"start":{"line":115,"column":8},"end":{"line":125,"column":11}},"42":{"start":{"line":118,"column":8},"end":{"line":123,"column":15}},"43":{"start":{"line":121,"column":16},"end":{"line":121,"column":49}},"44":{"start":{"line":122,"column":16},"end":{"line":122,"column":23}},"45":{"start":{"line":124,"column":12},"end":{"line":124,"column":19}},"46":{"start":{"line":131,"column":0},"end":{"line":220,"column":3}},"47":{"start":{"line":133,"column":4},"end":{"line":140,"column":7}},"48":{"start":{"line":134,"column":8},"end":{"line":139,"column":14}},"49":{"start":{"line":137,"column":16},"end":{"line":137,"column":44}},"50":{"start":{"line":138,"column":16},"end":{"line":138,"column":23}},"51":{"start":{"line":143,"column":4},"end":{"line":150,"column":7}},"52":{"start":{"line":144,"column":8},"end":{"line":149,"column":14}},"53":{"start":{"line":147,"column":16},"end":{"line":147,"column":44}},"54":{"start":{"line":148,"column":16},"end":{"line":148,"column":23}},"55":{"start":{"line":153,"column":4},"end":{"line":161,"column":7}},"56":{"start":{"line":154,"column":8},"end":{"line":160,"column":15}},"57":{"start":{"line":158,"column":16},"end":{"line":158,"column":44}},"58":{"start":{"line":159,"column":16},"end":{"line":159,"column":23}},"59":{"start":{"line":163,"column":4},"end":{"line":171,"column":7}},"60":{"start":{"line":164,"column":8},"end":{"line":170,"column":15}},"61":{"start":{"line":168,"column":16},"end":{"line":168,"column":44}},"62":{"start":{"line":169,"column":16},"end":{"line":169,"column":23}},"63":{"start":{"line":174,"column":4},"end":{"line":188,"column":7}},"64":{"start":{"line":175,"column":8},"end":{"line":186,"column":15}},"65":{"start":{"line":178,"column":16},"end":{"line":184,"column":23}},"66":{"start":{"line":182,"column":24},"end":{"line":182,"column":57}},"67":{"start":{"line":183,"column":24},"end":{"line":183,"column":31}},"68":{"start":{"line":185,"column":16},"end":{"line":185,"column":23}},"69":{"start":{"line":191,"column":4},"end":{"line":202,"column":7}},"70":{"start":{"line":192,"column":8},"end":{"line":201,"column":15}},"71":{"start":{"line":195,"column":16},"end":{"line":200,"column":23}},"72":{"start":{"line":198,"column":24},"end":{"line":198,"column":57}},"73":{"start":{"line":199,"column":24},"end":{"line":199,"column":31}},"74":{"start":{"line":205,"column":4},"end":{"line":217,"column":7}},"75":{"start":{"line":206,"column":8},"end":{"line":216,"column":15}},"76":{"start":{"line":209,"column":16},"end":{"line":214,"column":23}},"77":{"start":{"line":212,"column":24},"end":{"line":212,"column":57}},"78":{"start":{"line":213,"column":24},"end":{"line":213,"column":31}},"79":{"start":{"line":215,"column":16},"end":{"line":215,"column":23}}},"branchMap":{}},"E:\\NEU\\MSD\\TA Portal\\srivatsav_personal_git_TA_PORTAL\\taportal\\testspec\\testForPositions.js":{"path":"E:\\NEU\\MSD\\TA Portal\\srivatsav_personal_git_TA_PORTAL\\taportal\\testspec\\testForPositions.js","s":{"1":1,"2":1,"3":1,"4":1,"5":1,"6":1,"7":1,"8":1,"9":1,"10":1,"11":1,"12":1,"13":1,"14":1,"15":1,"16":1,"17":1,"18":1,"19":1,"20":1,"21":1,"22":1,"23":1,"24":0,"25":1,"26":1,"27":1,"28":1,"29":0,"30":1,"31":1,"32":1,"33":1,"34":1,"35":0,"36":0,"37":1,"38":1,"39":1,"40":1,"41":1,"42":0,"43":1},"b":{},"f":{"1":1,"2":1,"3":1,"4":1,"5":1,"6":1,"7":1,"8":1,"9":1,"10":1,"11":1,"12":1,"13":0,"14":1,"15":1,"16":1},"fnMap":{"1":{"name":"(anonymous_1)","line":23,"loc":{"start":{"line":23,"column":30},"end":{"line":23,"column":41}}},"2":{"name":"(anonymous_2)","line":25,"loc":{"start":{"line":25,"column":36},"end":{"line":25,"column":52}}},"3":{"name":"(anonymous_3)","line":28,"loc":{"start":{"line":28,"column":17},"end":{"line":28,"column":37}}},"4":{"name":"(anonymous_4)","line":35,"loc":{"start":{"line":35,"column":42},"end":{"line":35,"column":58}}},"5":{"name":"(anonymous_5)","line":38,"loc":{"start":{"line":38,"column":17},"end":{"line":38,"column":37}}},"6":{"name":"(anonymous_6)","line":45,"loc":{"start":{"line":45,"column":33},"end":{"line":45,"column":49}}},"7":{"name":"(anonymous_7)","line":50,"loc":{"start":{"line":50,"column":17},"end":{"line":50,"column":37}}},"8":{"name":"(anonymous_8)","line":57,"loc":{"start":{"line":57,"column":35},"end":{"line":57,"column":51}}},"9":{"name":"(anonymous_9)","line":60,"loc":{"start":{"line":60,"column":17},"end":{"line":60,"column":35}}},"10":{"name":"(anonymous_10)","line":65,"loc":{"start":{"line":65,"column":25},"end":{"line":65,"column":52}}},"11":{"name":"(anonymous_11)","line":88,"loc":{"start":{"line":88,"column":45},"end":{"line":88,"column":61}}},"12":{"name":"(anonymous_12)","line":94,"loc":{"start":{"line":94,"column":17},"end":{"line":94,"column":37}}},"13":{"name":"(anonymous_13)","line":98,"loc":{"start":{"line":98,"column":25},"end":{"line":98,"column":45}}},"14":{"name":"(anonymous_14)","line":107,"loc":{"start":{"line":107,"column":35},"end":{"line":107,"column":51}}},"15":{"name":"(anonymous_15)","line":110,"loc":{"start":{"line":110,"column":17},"end":{"line":110,"column":35}}},"16":{"name":"(anonymous_16)","line":113,"loc":{"start":{"line":113,"column":25},"end":{"line":113,"column":52}}}},"statementMap":{"1":{"start":{"line":5,"column":0},"end":{"line":5,"column":27}},"2":{"start":{"line":6,"column":0},"end":{"line":6,"column":36}},"3":{"start":{"line":7,"column":0},"end":{"line":7,"column":34}},"4":{"start":{"line":9,"column":0},"end":{"line":9,"column":27}},"5":{"start":{"line":11,"column":0},"end":{"line":11,"column":36}},"6":{"start":{"line":13,"column":0},"end":{"line":13,"column":71}},"7":{"start":{"line":15,"column":0},"end":{"line":15,"column":33}},"8":{"start":{"line":17,"column":0},"end":{"line":17,"column":20}},"9":{"start":{"line":18,"column":0},"end":{"line":18,"column":18}},"10":{"start":{"line":19,"column":0},"end":{"line":19,"column":19}},"11":{"start":{"line":21,"column":0},"end":{"line":21,"column":13}},"12":{"start":{"line":23,"column":0},"end":{"line":122,"column":3}},"13":{"start":{"line":25,"column":4},"end":{"line":32,"column":7}},"14":{"start":{"line":26,"column":8},"end":{"line":31,"column":14}},"15":{"start":{"line":29,"column":16},"end":{"line":29,"column":44}},"16":{"start":{"line":30,"column":16},"end":{"line":30,"column":23}},"17":{"start":{"line":35,"column":4},"end":{"line":42,"column":7}},"18":{"start":{"line":36,"column":8},"end":{"line":41,"column":14}},"19":{"start":{"line":39,"column":16},"end":{"line":39,"column":44}},"20":{"start":{"line":40,"column":16},"end":{"line":40,"column":23}},"21":{"start":{"line":45,"column":4},"end":{"line":54,"column":7}},"22":{"start":{"line":46,"column":8},"end":{"line":53,"column":15}},"23":{"start":{"line":51,"column":16},"end":{"line":51,"column":44}},"24":{"start":{"line":52,"column":16},"end":{"line":52,"column":23}},"25":{"start":{"line":57,"column":4},"end":{"line":72,"column":7}},"26":{"start":{"line":58,"column":8},"end":{"line":70,"column":15}},"27":{"start":{"line":61,"column":16},"end":{"line":68,"column":23}},"28":{"start":{"line":66,"column":24},"end":{"line":66,"column":57}},"29":{"start":{"line":67,"column":24},"end":{"line":67,"column":31}},"30":{"start":{"line":69,"column":16},"end":{"line":69,"column":23}},"31":{"start":{"line":88,"column":4},"end":{"line":104,"column":7}},"32":{"start":{"line":90,"column":8},"end":{"line":103,"column":15}},"33":{"start":{"line":95,"column":16},"end":{"line":95,"column":35}},"34":{"start":{"line":96,"column":16},"end":{"line":101,"column":22}},"35":{"start":{"line":99,"column":24},"end":{"line":99,"column":52}},"36":{"start":{"line":100,"column":24},"end":{"line":100,"column":31}},"37":{"start":{"line":102,"column":16},"end":{"line":102,"column":23}},"38":{"start":{"line":107,"column":4},"end":{"line":119,"column":7}},"39":{"start":{"line":108,"column":8},"end":{"line":118,"column":15}},"40":{"start":{"line":111,"column":16},"end":{"line":116,"column":23}},"41":{"start":{"line":114,"column":24},"end":{"line":114,"column":57}},"42":{"start":{"line":115,"column":24},"end":{"line":115,"column":31}},"43":{"start":{"line":117,"column":16},"end":{"line":117,"column":23}}},"branchMap":{}}}