TN:
SF:E:\NEU\MSD\TA Portal\srivatsav_personal_git_TA_PORTAL\taportal\testspec\test.js
FN:22,(anonymous_1)
FN:24,(anonymous_2)
FN:27,(anonymous_3)
FN:35,(anonymous_4)
FN:38,(anonymous_5)
FN:45,(anonymous_6)
FN:49,(anonymous_7)
FN:55,(anonymous_8)
FN:58,(anonymous_9)
FN:65,(anonymous_10)
FN:68,(anonymous_11)
FN:75,(anonymous_12)
FN:78,(anonymous_13)
FN:85,(anonymous_14)
FN:88,(anonymous_15)
FN:96,(anonymous_16)
FN:100,(anonymous_17)
FN:108,(anonymous_18)
FN:112,(anonymous_19)
FN:118,(anonymous_20)
FN:122,(anonymous_21)
FN:129,(anonymous_22)
FN:132,(anonymous_23)
FN:138,(anonymous_24)
FN:142,(anonymous_25)
FN:148,(anonymous_26)
FN:151,(anonymous_27)
FN:155,(anonymous_28)
FN:162,(anonymous_29)
FN:165,(anonymous_30)
FN:168,(anonymous_31)
FN:175,(anonymous_32)
FN:178,(anonymous_33)
FN:184,(anonymous_34)
FN:187,(anonymous_35)
FNF:35
FNH:34
FNDA:1,(anonymous_1)
FNDA:1,(anonymous_2)
FNDA:1,(anonymous_3)
FNDA:1,(anonymous_4)
FNDA:1,(anonymous_5)
FNDA:1,(anonymous_6)
FNDA:1,(anonymous_7)
FNDA:1,(anonymous_8)
FNDA:1,(anonymous_9)
FNDA:1,(anonymous_10)
FNDA:1,(anonymous_11)
FNDA:1,(anonymous_12)
FNDA:1,(anonymous_13)
FNDA:1,(anonymous_14)
FNDA:1,(anonymous_15)
FNDA:1,(anonymous_16)
FNDA:1,(anonymous_17)
FNDA:1,(anonymous_18)
FNDA:1,(anonymous_19)
FNDA:1,(anonymous_20)
FNDA:1,(anonymous_21)
FNDA:1,(anonymous_22)
FNDA:1,(anonymous_23)
FNDA:1,(anonymous_24)
FNDA:1,(anonymous_25)
FNDA:1,(anonymous_26)
FNDA:1,(anonymous_27)
FNDA:1,(anonymous_28)
FNDA:1,(anonymous_29)
FNDA:1,(anonymous_30)
FNDA:1,(anonymous_31)
FNDA:1,(anonymous_32)
FNDA:1,(anonymous_33)
FNDA:1,(anonymous_34)
FNDA:0,(anonymous_35)
DA:5,1
DA:6,1
DA:7,1
DA:9,1
DA:11,1
DA:13,1
DA:15,1
DA:17,1
DA:18,1
DA:19,1
DA:22,1
DA:24,1
DA:25,1
DA:28,1
DA:29,1
DA:35,1
DA:36,1
DA:39,1
DA:40,1
DA:45,1
DA:46,1
DA:50,1
DA:51,1
DA:55,1
DA:56,1
DA:59,1
DA:60,1
DA:65,1
DA:66,1
DA:69,1
DA:70,1
DA:75,1
DA:76,1
DA:79,1
DA:80,1
DA:85,1
DA:86,1
DA:89,1
DA:90,1
DA:96,1
DA:97,1
DA:101,1
DA:102,1
DA:108,1
DA:109,1
DA:113,1
DA:114,1
DA:118,1
DA:119,1
DA:123,1
DA:124,1
DA:125,1
DA:129,1
DA:130,1
DA:133,1
DA:134,1
DA:138,1
DA:139,1
DA:143,1
DA:144,1
DA:148,1
DA:149,1
DA:152,1
DA:156,1
DA:157,1
DA:162,1
DA:163,1
DA:166,1
DA:169,1
DA:170,1
DA:175,1
DA:176,1
DA:179,1
DA:180,1
DA:184,1
DA:185,1
DA:188,0
DA:189,0
DA:191,1
LF:79
LH:77
BRF:0
BRH:0
end_of_record
TN:
SF:E:\NEU\MSD\TA Portal\srivatsav_personal_git_TA_PORTAL\taportal\server.js
FNF:0
FNH:0
DA:1,1
DA:4,1
DA:5,1
DA:6,1
DA:7,1
DA:10,1
DA:15,1
DA:16,1
DA:18,1
DA:19,1
DA:20,1
DA:23,1
DA:24,1
DA:28,1
DA:29,1
DA:32,1
DA:36,1
DA:37,1
DA:39,1
DA:40,1
DA:44,1
DA:47,1
LF:22
LH:22
BRDA:37,1,0,1
BRDA:37,1,1,1
BRF:2
BRH:2
end_of_record
TN:
SF:E:\NEU\MSD\TA Portal\srivatsav_personal_git_TA_PORTAL\taportal\project\app.js
FN:5,(anonymous_1)
FNF:1
FNH:1
FNDA:1,(anonymous_1)
DA:5,1
DA:6,1
DA:8,1
DA:9,1
DA:10,1
LF:5
LH:5
BRF:0
BRH:0
end_of_record
TN:
SF:E:\NEU\MSD\TA Portal\srivatsav_personal_git_TA_PORTAL\taportal\project\model\models.server.js
FN:3,(anonymous_1)
FNF:1
FNH:1
FNDA:1,(anonymous_1)
DA:3,1
DA:5,1
DA:13,1
LF:3
LH:3
BRF:0
BRH:0
end_of_record
TN:
SF:E:\NEU\MSD\TA Portal\srivatsav_personal_git_TA_PORTAL\taportal\project\model\user\user.model.server.js
FN:5,(anonymous_1)
FN:25,findAllUsers
FN:30,findUserById
FN:34,findUserByUsername
FN:38,updateUser
FN:50,deleteUser
FN:54,findUserByCredentials
FN:58,createUser
FNF:8
FNH:8
FNDA:1,(anonymous_1)
FNDA:4,findAllUsers
FNDA:1,findUserById
FNDA:6,findUserByUsername
FNDA:1,updateUser
FNDA:1,deleteUser
FNDA:1,findUserByCredentials
FNDA:1,createUser
DA:5,1
DA:7,1
DA:8,1
DA:9,1
DA:11,1
DA:22,1
DA:25,1
DA:26,4
DA:30,1
DA:31,1
DA:34,1
DA:35,6
DA:38,1
DA:39,1
DA:40,1
DA:50,1
DA:51,1
DA:54,1
DA:55,1
DA:58,1
DA:59,1
LF:21
LH:21
BRF:0
BRH:0
end_of_record
TN:
SF:E:\NEU\MSD\TA Portal\srivatsav_personal_git_TA_PORTAL\taportal\project\model\user\user.schema.server.js
FN:6,(anonymous_1)
FNF:1
FNH:1
FNDA:1,(anonymous_1)
DA:6,1
DA:8,1
DA:10,1
DA:74,1
LF:4
LH:4
BRF:0
BRH:0
end_of_record
TN:
SF:E:\NEU\MSD\TA Portal\srivatsav_personal_git_TA_PORTAL\taportal\project\model\user\course.model.server.js
FN:5,(anonymous_1)
FN:24,updateCourse
FN:32,findAllCourses
FN:36,createCourse
FN:41,deleteCourse
FN:45,findCourseById
FN:49,findCourseByCoursename
FNF:7
FNH:7
FNDA:1,(anonymous_1)
FNDA:1,updateCourse
FNDA:4,findAllCourses
FNDA:1,createCourse
FNDA:1,deleteCourse
FNDA:1,findCourseById
FNDA:3,findCourseByCoursename
DA:5,1
DA:7,1
DA:8,1
DA:9,1
DA:13,1
DA:22,1
DA:24,1
DA:25,1
DA:26,1
DA:32,1
DA:33,4
DA:36,1
DA:38,1
DA:41,1
DA:42,1
DA:45,1
DA:46,1
DA:49,1
DA:50,3
LF:19
LH:19
BRF:0
BRH:0
end_of_record
TN:
SF:E:\NEU\MSD\TA Portal\srivatsav_personal_git_TA_PORTAL\taportal\project\model\user\course.schema.server.js
FN:6,(anonymous_1)
FNF:1
FNH:1
FNDA:1,(anonymous_1)
DA:6,1
DA:7,1
DA:9,1
DA:18,1
LF:4
LH:4
BRF:0
BRH:0
end_of_record
TN:
SF:E:\NEU\MSD\TA Portal\srivatsav_personal_git_TA_PORTAL\taportal\project\model\user\semester.model.server.js
FN:6,(anonymous_1)
FN:25,updateSemester
FN:33,findAllSemesters
FN:37,createSemester
FN:41,deleteSemester
FN:45,findSemesterById
FN:49,findSemesterBySemestername
FNF:7
FNH:7
FNDA:1,(anonymous_1)
FNDA:1,updateSemester
FNDA:4,findAllSemesters
FNDA:1,createSemester
FNDA:1,deleteSemester
FNDA:1,findSemesterById
FNDA:2,findSemesterBySemestername
DA:6,1
DA:8,1
DA:9,1
DA:10,1
DA:14,1
DA:23,1
DA:25,1
DA:26,1
DA:27,1
DA:33,1
DA:34,4
DA:37,1
DA:38,1
DA:41,1
DA:42,1
DA:45,1
DA:46,1
DA:49,1
DA:50,2
LF:19
LH:19
BRF:0
BRH:0
end_of_record
TN:
SF:E:\NEU\MSD\TA Portal\srivatsav_personal_git_TA_PORTAL\taportal\project\model\user\semester.schema.server.js
FN:7,(anonymous_1)
FNF:1
FNH:1
FNDA:1,(anonymous_1)
DA:7,1
DA:8,1
DA:10,1
DA:18,1
LF:4
LH:4
BRF:0
BRH:0
end_of_record
TN:
SF:E:\NEU\MSD\TA Portal\srivatsav_personal_git_TA_PORTAL\taportal\project\model\user\position.model.server.js
FN:7,(anonymous_1)
FN:26,updatePosition
FN:38,updateDeadline
FN:50,findAllPositions
FN:54,createPosition
FN:59,deletePosition
FN:63,findPositionById
FNF:7
FNH:6
FNDA:1,(anonymous_1)
FNDA:1,updatePosition
FNDA:0,updateDeadline
FNDA:4,findAllPositions
FNDA:1,createPosition
FNDA:1,deletePosition
FNDA:1,findPositionById
DA:7,1
DA:9,1
DA:10,1
DA:11,1
DA:15,1
DA:24,1
DA:26,1
DA:27,1
DA:28,1
DA:38,1
DA:42,0
DA:50,1
DA:51,4
DA:54,1
DA:55,1
DA:56,1
DA:59,1
DA:60,1
DA:63,1
DA:64,1
LF:20
LH:19
BRF:0
BRH:0
end_of_record
TN:
SF:E:\NEU\MSD\TA Portal\srivatsav_personal_git_TA_PORTAL\taportal\project\model\user\position.schema.server.js
FN:5,(anonymous_1)
FNF:1
FNH:1
FNDA:1,(anonymous_1)
DA:5,1
DA:6,1
DA:8,1
DA:21,1
LF:4
LH:4
BRF:0
BRH:0
end_of_record
TN:
SF:E:\NEU\MSD\TA Portal\srivatsav_personal_git_TA_PORTAL\taportal\project\services\user.service.server.js
FN:10,(anonymous_1)
FN:39,logout
FN:45,findallusers
FN:50,(anonymous_4)
FN:53,(anonymous_5)
FN:60,register
FN:66,(anonymous_7)
FN:78,(anonymous_8)
FN:84,(anonymous_9)
FN:87,(anonymous_10)
FN:96,(anonymous_11)
FN:101,localStrategy
FN:105,(anonymous_13)
FN:114,(anonymous_14)
FN:119,serializeUser
FN:123,deserializeUser
FN:127,(anonymous_17)
FN:130,(anonymous_18)
FN:138,login
FN:144,loggedIn
FN:152,updateUser
FN:160,(anonymous_22)
FN:163,(anonymous_23)
FN:170,createUser
FN:177,(anonymous_25)
FN:187,(anonymous_26)
FN:192,(anonymous_27)
FN:197,(anonymous_28)
FN:205,deleteUser
FN:211,(anonymous_30)
FN:215,(anonymous_31)
FN:223,findUserById
FN:228,(anonymous_33)
FN:231,(anonymous_34)
FN:237,getUsers
FN:249,findUserByCredentials
FN:252,(anonymous_37)
FN:256,(anonymous_38)
FN:261,findUserByUsername
FN:265,(anonymous_40)
FN:268,(anonymous_41)
FNF:41
FNH:27
FNDA:1,(anonymous_1)
FNDA:1,logout
FNDA:4,findallusers
FNDA:4,(anonymous_4)
FNDA:0,(anonymous_5)
FNDA:2,register
FNDA:2,(anonymous_7)
FNDA:0,(anonymous_8)
FNDA:2,(anonymous_9)
FNDA:1,(anonymous_10)
FNDA:0,(anonymous_11)
FNDA:1,localStrategy
FNDA:1,(anonymous_13)
FNDA:0,(anonymous_14)
FNDA:2,serializeUser
FNDA:0,deserializeUser
FNDA:0,(anonymous_17)
FNDA:0,(anonymous_18)
FNDA:1,login
FNDA:1,loggedIn
FNDA:1,updateUser
FNDA:1,(anonymous_22)
FNDA:0,(anonymous_23)
FNDA:2,createUser
FNDA:2,(anonymous_25)
FNDA:0,(anonymous_26)
FNDA:2,(anonymous_27)
FNDA:0,(anonymous_28)
FNDA:1,deleteUser
FNDA:1,(anonymous_30)
FNDA:0,(anonymous_31)
FNDA:1,findUserById
FNDA:1,(anonymous_33)
FNDA:0,(anonymous_34)
FNDA:3,getUsers
FNDA:1,findUserByCredentials
FNDA:1,(anonymous_37)
FNDA:0,(anonymous_38)
FNDA:1,findUserByUsername
FNDA:1,(anonymous_40)
FNDA:0,(anonymous_41)
DA:4,1
DA:5,1
DA:7,1
DA:10,1
DA:12,1
DA:14,1
DA:15,1
DA:16,1
DA:17,1
DA:18,1
DA:19,1
DA:20,1
DA:21,1
DA:22,1
DA:23,1
DA:26,1
DA:32,1
DA:33,1
DA:39,1
DA:40,1
DA:41,1
DA:45,1
DA:47,4
DA:51,4
DA:54,0
DA:60,1
DA:61,2
DA:62,2
DA:63,2
DA:64,2
DA:67,2
DA:68,1
DA:69,1
DA:72,1
DA:73,1
DA:79,0
DA:85,2
DA:87,1
DA:88,1
DA:89,0
DA:91,1
DA:97,0
DA:101,1
DA:102,1
DA:107,1
DA:108,1
DA:111,0
DA:115,0
DA:119,1
DA:120,2
DA:123,1
DA:124,0
DA:128,0
DA:131,0
DA:138,1
DA:139,1
DA:140,1
DA:144,1
DA:145,1
DA:146,0
DA:148,1
DA:152,1
DA:153,1
DA:154,1
DA:157,1
DA:161,1
DA:164,0
DA:170,1
DA:172,2
DA:174,2
DA:178,2
DA:179,2
DA:180,2
DA:182,0
DA:183,0
DA:188,0
DA:193,2
DA:194,0
DA:198,0
DA:205,1
DA:206,1
DA:208,1
DA:213,1
DA:216,0
DA:223,1
DA:224,1
DA:226,1
DA:229,1
DA:232,0
DA:237,1
DA:238,3
DA:239,3
DA:240,3
DA:241,1
DA:242,2
DA:243,1
DA:245,1
DA:249,1
DA:250,1
DA:253,1
DA:254,1
DA:257,0
DA:261,1
DA:262,1
DA:266,1
DA:269,0
LF:106
LH:86
BRDA:67,1,0,1
BRDA:67,1,1,1
BRDA:85,2,0,1
BRDA:85,2,1,1
BRDA:88,3,0,0
BRDA:88,3,1,1
BRDA:107,4,0,1
BRDA:107,4,1,0
BRDA:107,5,0,1
BRDA:107,5,1,1
BRDA:145,6,0,0
BRDA:145,6,1,1
BRDA:178,7,0,2
BRDA:178,7,1,0
BRDA:193,8,0,0
BRDA:193,8,1,2
BRDA:240,9,0,1
BRDA:240,9,1,2
BRDA:240,10,0,3
BRDA:240,10,1,2
BRDA:242,11,0,1
BRDA:242,11,1,1
BRF:22
BRH:17
end_of_record
TN:
SF:E:\NEU\MSD\TA Portal\srivatsav_personal_git_TA_PORTAL\taportal\project\services\coursesandsemesters.service.server.js
FN:4,(anonymous_1)
FN:22,findCourseById
FN:27,(anonymous_3)
FN:29,(anonymous_4)
FN:35,updateCourse
FN:43,(anonymous_6)
FN:46,(anonymous_7)
FN:53,deleteCourse
FN:60,(anonymous_9)
FN:63,(anonymous_10)
FN:69,findallcourses
FN:73,(anonymous_12)
FN:76,(anonymous_13)
FN:84,createCourse
FN:90,(anonymous_15)
FN:98,(anonymous_16)
FN:103,(anonymous_17)
FN:108,(anonymous_18)
FN:115,findCourseByCoursename
FN:119,(anonymous_20)
FN:122,(anonymous_21)
FN:131,findSemesterById
FN:136,(anonymous_23)
FN:138,(anonymous_24)
FN:143,updateSemester
FN:151,(anonymous_26)
FN:154,(anonymous_27)
FN:161,deleteSemester
FN:168,(anonymous_29)
FN:171,(anonymous_30)
FN:177,findallsemesters
FN:181,(anonymous_32)
FN:184,(anonymous_33)
FN:192,createSemester
FN:199,(anonymous_35)
FN:207,(anonymous_36)
FN:212,(anonymous_37)
FN:217,(anonymous_38)
FN:224,findSemesterBySemestername
FN:228,(anonymous_40)
FN:231,(anonymous_41)
FNF:41
FNH:23
FNDA:1,(anonymous_1)
FNDA:1,findCourseById
FNDA:1,(anonymous_3)
FNDA:0,(anonymous_4)
FNDA:1,updateCourse
FNDA:1,(anonymous_6)
FNDA:0,(anonymous_7)
FNDA:1,deleteCourse
FNDA:1,(anonymous_9)
FNDA:0,(anonymous_10)
FNDA:4,findallcourses
FNDA:4,(anonymous_12)
FNDA:0,(anonymous_13)
FNDA:3,createCourse
FNDA:3,(anonymous_15)
FNDA:0,(anonymous_16)
FNDA:3,(anonymous_17)
FNDA:0,(anonymous_18)
FNDA:0,findCourseByCoursename
FNDA:0,(anonymous_20)
FNDA:0,(anonymous_21)
FNDA:1,findSemesterById
FNDA:1,(anonymous_23)
FNDA:0,(anonymous_24)
FNDA:1,updateSemester
FNDA:1,(anonymous_26)
FNDA:0,(anonymous_27)
FNDA:1,deleteSemester
FNDA:1,(anonymous_29)
FNDA:0,(anonymous_30)
FNDA:4,findallsemesters
FNDA:4,(anonymous_32)
FNDA:0,(anonymous_33)
FNDA:2,createSemester
FNDA:2,(anonymous_35)
FNDA:0,(anonymous_36)
FNDA:2,(anonymous_37)
FNDA:0,(anonymous_38)
FNDA:0,findSemesterBySemestername
FNDA:0,(anonymous_40)
FNDA:0,(anonymous_41)
DA:4,1
DA:6,1
DA:7,1
DA:9,1
DA:10,1
DA:11,1
DA:12,1
DA:13,1
DA:16,1
DA:17,1
DA:18,1
DA:19,1
DA:20,1
DA:22,1
DA:23,1
DA:25,1
DA:28,1
DA:30,0
DA:35,1
DA:36,1
DA:37,1
DA:40,1
DA:44,1
DA:47,0
DA:53,1
DA:55,1
DA:57,1
DA:61,1
DA:64,0
DA:69,1
DA:70,4
DA:74,4
DA:77,0
DA:84,1
DA:86,3
DA:87,3
DA:91,3
DA:92,2
DA:93,2
DA:95,1
DA:99,0
DA:104,3
DA:105,1
DA:109,0
DA:115,1
DA:116,0
DA:120,0
DA:123,0
DA:131,1
DA:132,1
DA:134,1
DA:137,1
DA:139,0
DA:143,1
DA:144,1
DA:145,1
DA:148,1
DA:152,1
DA:155,0
DA:161,1
DA:163,1
DA:165,1
DA:169,1
DA:172,0
DA:177,1
DA:178,4
DA:182,4
DA:185,0
DA:192,1
DA:194,2
DA:195,2
DA:196,2
DA:200,2
DA:201,1
DA:202,1
DA:204,1
DA:208,0
DA:213,2
DA:214,1
DA:218,0
DA:224,1
DA:225,0
DA:229,0
DA:232,0
LF:84
LH:66
BRDA:91,1,0,2
BRDA:91,1,1,1
BRDA:104,2,0,1
BRDA:104,2,1,2
BRDA:200,3,0,1
BRDA:200,3,1,1
BRDA:213,4,0,1
BRDA:213,4,1,1
BRF:8
BRH:8
end_of_record
TN:
SF:E:\NEU\MSD\TA Portal\srivatsav_personal_git_TA_PORTAL\taportal\project\services\position.service.server.js
FN:5,(anonymous_1)
FN:20,findPositionById
FN:24,(anonymous_3)
FN:26,(anonymous_4)
FN:32,updatePosition
FN:38,(anonymous_6)
FN:41,(anonymous_7)
FN:48,updateDeadline
FN:55,(anonymous_9)
FN:58,(anonymous_10)
FN:64,deletePosition
FN:71,(anonymous_12)
FN:74,(anonymous_13)
FN:80,findallpositions
FN:84,(anonymous_15)
FN:87,(anonymous_16)
FN:93,createPosition
FN:98,(anonymous_18)
FN:101,(anonymous_19)
FNF:19
FNH:10
FNDA:1,(anonymous_1)
FNDA:1,findPositionById
FNDA:1,(anonymous_3)
FNDA:0,(anonymous_4)
FNDA:1,updatePosition
FNDA:1,(anonymous_6)
FNDA:0,(anonymous_7)
FNDA:0,updateDeadline
FNDA:0,(anonymous_9)
FNDA:0,(anonymous_10)
FNDA:1,deletePosition
FNDA:0,(anonymous_12)
FNDA:0,(anonymous_13)
FNDA:4,findallpositions
FNDA:4,(anonymous_15)
FNDA:0,(anonymous_16)
FNDA:1,createPosition
FNDA:1,(anonymous_18)
FNDA:0,(anonymous_19)
DA:5,1
DA:7,1
DA:8,1
DA:11,1
DA:12,1
DA:13,1
DA:14,1
DA:15,1
DA:16,1
DA:20,1
DA:21,1
DA:22,1
DA:25,1
DA:27,0
DA:32,1
DA:33,1
DA:34,1
DA:35,1
DA:39,1
DA:42,0
DA:48,1
DA:49,0
DA:50,0
DA:51,0
DA:52,0
DA:56,0
DA:59,0
DA:64,1
DA:66,1
DA:68,1
DA:72,0
DA:75,0
DA:80,1
DA:81,4
DA:85,4
DA:88,0
DA:93,1
DA:94,1
DA:95,1
DA:99,1
DA:102,0
LF:41
LH:29
BRF:0
BRH:0
end_of_record
TN:
SF:E:\NEU\MSD\TA Portal\srivatsav_personal_git_TA_PORTAL\taportal\testspec\testForCoursesAndSem.js
FN:24,(anonymous_1)
FN:26,(anonymous_2)
FN:29,(anonymous_3)
FN:36,(anonymous_4)
FN:39,(anonymous_5)
FN:46,(anonymous_6)
FN:50,(anonymous_7)
FN:56,(anonymous_8)
FN:60,(anonymous_9)
FN:66,(anonymous_10)
FN:70,(anonymous_11)
FN:77,(anonymous_12)
FN:80,(anonymous_13)
FN:84,(anonymous_14)
FN:93,(anonymous_15)
FN:96,(anonymous_16)
FN:99,(anonymous_17)
FN:107,(anonymous_18)
FN:110,(anonymous_19)
FN:113,(anonymous_20)
FN:124,(anonymous_21)
FN:126,(anonymous_22)
FN:129,(anonymous_23)
FN:136,(anonymous_24)
FN:139,(anonymous_25)
FN:146,(anonymous_26)
FN:150,(anonymous_27)
FN:156,(anonymous_28)
FN:160,(anonymous_29)
FN:167,(anonymous_30)
FN:170,(anonymous_31)
FN:174,(anonymous_32)
FN:184,(anonymous_33)
FN:187,(anonymous_34)
FN:190,(anonymous_35)
FN:198,(anonymous_36)
FN:201,(anonymous_37)
FN:204,(anonymous_38)
FNF:38
FNH:38
FNDA:1,(anonymous_1)
FNDA:1,(anonymous_2)
FNDA:1,(anonymous_3)
FNDA:1,(anonymous_4)
FNDA:1,(anonymous_5)
FNDA:1,(anonymous_6)
FNDA:1,(anonymous_7)
FNDA:1,(anonymous_8)
FNDA:1,(anonymous_9)
FNDA:1,(anonymous_10)
FNDA:1,(anonymous_11)
FNDA:1,(anonymous_12)
FNDA:1,(anonymous_13)
FNDA:1,(anonymous_14)
FNDA:1,(anonymous_15)
FNDA:1,(anonymous_16)
FNDA:1,(anonymous_17)
FNDA:1,(anonymous_18)
FNDA:1,(anonymous_19)
FNDA:1,(anonymous_20)
FNDA:1,(anonymous_21)
FNDA:1,(anonymous_22)
FNDA:1,(anonymous_23)
FNDA:1,(anonymous_24)
FNDA:1,(anonymous_25)
FNDA:1,(anonymous_26)
FNDA:1,(anonymous_27)
FNDA:1,(anonymous_28)
FNDA:1,(anonymous_29)
FNDA:1,(anonymous_30)
FNDA:1,(anonymous_31)
FNDA:1,(anonymous_32)
FNDA:1,(anonymous_33)
FNDA:1,(anonymous_34)
FNDA:1,(anonymous_35)
FNDA:1,(anonymous_36)
FNDA:1,(anonymous_37)
FNDA:1,(anonymous_38)
DA:5,1
DA:6,1
DA:7,1
DA:9,1
DA:11,1
DA:13,1
DA:14,1
DA:16,1
DA:18,1
DA:19,1
DA:20,1
DA:22,1
DA:24,1
DA:26,1
DA:27,1
DA:30,1
DA:31,1
DA:36,1
DA:37,1
DA:40,1
DA:41,1
DA:46,1
DA:47,1
DA:51,1
DA:52,1
DA:56,1
DA:57,1
DA:61,1
DA:62,1
DA:66,1
DA:67,1
DA:71,1
DA:72,1
DA:77,1
DA:78,1
DA:81,1
DA:85,1
DA:88,1
DA:93,1
DA:94,1
DA:97,1
DA:100,1
DA:101,1
DA:107,1
DA:108,1
DA:111,1
DA:114,1
DA:117,1
DA:124,1
DA:126,1
DA:127,1
DA:130,1
DA:131,1
DA:136,1
DA:137,1
DA:140,1
DA:141,1
DA:146,1
DA:147,1
DA:151,1
DA:152,1
DA:156,1
DA:157,1
DA:161,1
DA:162,1
DA:167,1
DA:168,1
DA:171,1
DA:175,1
DA:178,1
DA:184,1
DA:185,1
DA:188,1
DA:191,1
DA:192,1
DA:198,1
DA:199,1
DA:202,1
DA:205,1
DA:208,1
LF:80
LH:80
BRF:0
BRH:0
end_of_record
TN:
SF:E:\NEU\MSD\TA Portal\srivatsav_personal_git_TA_PORTAL\taportal\testspec\testForPositions.js
FN:23,(anonymous_1)
FN:25,(anonymous_2)
FN:28,(anonymous_3)
FN:35,(anonymous_4)
FN:38,(anonymous_5)
FN:45,(anonymous_6)
FN:50,(anonymous_7)
FN:57,(anonymous_8)
FN:60,(anonymous_9)
FN:65,(anonymous_10)
FN:74,(anonymous_11)
FN:77,(anonymous_12)
FN:80,(anonymous_13)
FN:88,(anonymous_14)
FN:91,(anonymous_15)
FN:94,(anonymous_16)
FNF:16
FNH:15
FNDA:1,(anonymous_1)
FNDA:1,(anonymous_2)
FNDA:1,(anonymous_3)
FNDA:1,(anonymous_4)
FNDA:1,(anonymous_5)
FNDA:1,(anonymous_6)
FNDA:1,(anonymous_7)
FNDA:1,(anonymous_8)
FNDA:1,(anonymous_9)
FNDA:1,(anonymous_10)
FNDA:1,(anonymous_11)
FNDA:1,(anonymous_12)
FNDA:1,(anonymous_13)
FNDA:1,(anonymous_14)
FNDA:1,(anonymous_15)
FNDA:0,(anonymous_16)
DA:5,1
DA:6,1
DA:7,1
DA:9,1
DA:11,1
DA:13,1
DA:15,1
DA:17,1
DA:18,1
DA:19,1
DA:21,1
DA:23,1
DA:25,1
DA:26,1
DA:29,1
DA:30,1
DA:35,1
DA:36,1
DA:39,1
DA:40,1
DA:45,1
DA:46,1
DA:51,1
DA:52,1
DA:57,1
DA:58,1
DA:61,1
DA:66,1
DA:67,1
DA:74,1
DA:75,1
DA:78,1
DA:81,1
DA:82,1
DA:88,1
DA:89,1
DA:92,1
DA:95,0
DA:96,0
DA:98,1
LF:40
LH:38
BRF:0
BRH:0
end_of_record
