TN:
SF:E:\NEU\MSD\TA Portal\srivatsav_personal_git_TA_PORTAL\taportal\testspec\test.js
FN:25,(anonymous_1)
FN:26,(anonymous_2)
FN:29,(anonymous_3)
FN:38,(anonymous_4)
FN:41,(anonymous_5)
FN:49,(anonymous_6)
FN:52,(anonymous_7)
FN:60,(anonymous_8)
FN:63,(anonymous_9)
FN:70,(anonymous_10)
FN:73,(anonymous_11)
FN:80,(anonymous_12)
FN:83,(anonymous_13)
FN:91,(anonymous_14)
FN:95,(anonymous_15)
FN:101,(anonymous_16)
FN:105,(anonymous_17)
FN:111,(anonymous_18)
FN:115,(anonymous_19)
FN:122,(anonymous_20)
FN:125,(anonymous_21)
FN:131,(anonymous_22)
FN:135,(anonymous_23)
FN:144,(anonymous_24)
FN:153,(anonymous_25)
FN:159,(anonymous_26)
FN:164,(anonymous_27)
FN:169,(anonymous_28)
FN:173,(anonymous_29)
FN:178,(anonymous_30)
FN:183,(anonymous_31)
FN:188,(anonymous_32)
FN:193,(anonymous_33)
FN:201,(anonymous_34)
FN:208,(anonymous_35)
FN:211,(anonymous_36)
FN:224,(anonymous_37)
FN:233,(anonymous_38)
FN:242,(anonymous_39)
FN:245,(anonymous_40)
FN:253,(anonymous_41)
FN:260,(anonymous_42)
FN:263,(anonymous_43)
FN:280,(anonymous_44)
FN:284,(anonymous_45)
FN:294,(anonymous_46)
FN:299,(anonymous_47)
FN:305,(anonymous_48)
FN:309,(anonymous_49)
FNF:49
FNH:43
FNDA:1,(anonymous_1)
FNDA:1,(anonymous_2)
FNDA:1,(anonymous_3)
FNDA:1,(anonymous_4)
FNDA:1,(anonymous_5)
FNDA:1,(anonymous_6)
FNDA:1,(anonymous_7)
FNDA:1,(anonymous_8)
FNDA:1,(anonymous_9)
FNDA:1,(anonymous_10)
FNDA:1,(anonymous_11)
FNDA:1,(anonymous_12)
FNDA:1,(anonymous_13)
FNDA:1,(anonymous_14)
FNDA:1,(anonymous_15)
FNDA:1,(anonymous_16)
FNDA:1,(anonymous_17)
FNDA:1,(anonymous_18)
FNDA:1,(anonymous_19)
FNDA:1,(anonymous_20)
FNDA:1,(anonymous_21)
FNDA:1,(anonymous_22)
FNDA:1,(anonymous_23)
FNDA:1,(anonymous_24)
FNDA:1,(anonymous_25)
FNDA:1,(anonymous_26)
FNDA:1,(anonymous_27)
FNDA:1,(anonymous_28)
FNDA:1,(anonymous_29)
FNDA:1,(anonymous_30)
FNDA:1,(anonymous_31)
FNDA:1,(anonymous_32)
FNDA:1,(anonymous_33)
FNDA:1,(anonymous_34)
FNDA:0,(anonymous_35)
FNDA:0,(anonymous_36)
FNDA:1,(anonymous_37)
FNDA:1,(anonymous_38)
FNDA:1,(anonymous_39)
FNDA:1,(anonymous_40)
FNDA:1,(anonymous_41)
FNDA:0,(anonymous_42)
FNDA:0,(anonymous_43)
FNDA:1,(anonymous_44)
FNDA:0,(anonymous_45)
FNDA:1,(anonymous_46)
FNDA:1,(anonymous_47)
FNDA:1,(anonymous_48)
FNDA:0,(anonymous_49)
DA:5,1
DA:6,1
DA:7,1
DA:9,1
DA:10,1
DA:11,1
DA:13,1
DA:16,1
DA:18,1
DA:20,1
DA:21,1
DA:22,1
DA:25,1
DA:26,1
DA:27,1
DA:30,1
DA:32,1
DA:38,1
DA:39,1
DA:42,1
DA:44,1
DA:49,1
DA:50,1
DA:53,1
DA:55,1
DA:60,1
DA:61,1
DA:64,1
DA:65,1
DA:70,1
DA:71,1
DA:74,1
DA:75,1
DA:80,1
DA:81,1
DA:84,1
DA:85,1
DA:91,1
DA:92,1
DA:96,1
DA:97,1
DA:101,1
DA:102,1
DA:106,1
DA:107,1
DA:111,1
DA:112,1
DA:116,1
DA:117,1
DA:118,1
DA:122,1
DA:123,1
DA:126,1
DA:127,1
DA:131,1
DA:132,1
DA:136,1
DA:137,1
DA:144,1
DA:145,1
DA:149,1
DA:150,1
DA:153,1
DA:154,1
DA:155,0
DA:159,1
DA:160,1
DA:161,0
DA:164,1
DA:165,1
DA:166,0
DA:169,1
DA:170,1
DA:171,0
DA:173,1
DA:174,1
DA:175,0
DA:178,1
DA:179,1
DA:180,0
DA:183,1
DA:184,1
DA:185,0
DA:188,1
DA:189,1
DA:190,0
DA:193,1
DA:194,1
DA:195,1
DA:201,1
DA:203,1
DA:208,1
DA:209,0
DA:212,0
DA:213,0
DA:214,0
DA:215,0
DA:216,0
DA:224,1
DA:225,1
DA:230,1
DA:234,1
DA:235,0
DA:242,1
DA:243,1
DA:246,1
DA:247,1
DA:253,1
DA:255,1
DA:260,1
DA:261,0
DA:264,0
DA:265,0
DA:266,0
DA:267,0
DA:268,0
DA:269,0
DA:270,0
DA:271,0
DA:272,0
DA:273,0
DA:274,0
DA:280,1
DA:282,1
DA:285,0
DA:286,0
DA:287,0
DA:288,0
DA:289,0
DA:290,0
DA:294,1
DA:297,1
DA:300,1
DA:301,0
DA:305,1
DA:307,1
DA:310,0
DA:311,0
LF:138
LH:102
BRF:0
BRH:0
end_of_record
TN:
SF:E:\NEU\MSD\TA Portal\srivatsav_personal_git_TA_PORTAL\taportal\server.js
FNF:0
FNH:0
DA:1,1
DA:4,1
DA:5,1
DA:6,1
DA:7,1
DA:10,1
DA:15,1
DA:16,1
DA:18,1
DA:19,1
DA:20,1
DA:23,1
DA:24,1
DA:28,1
DA:29,1
DA:32,1
DA:36,1
DA:37,1
DA:39,1
DA:40,1
DA:44,1
DA:47,1
LF:22
LH:22
BRDA:37,1,0,1
BRDA:37,1,1,1
BRF:2
BRH:2
end_of_record
TN:
SF:E:\NEU\MSD\TA Portal\srivatsav_personal_git_TA_PORTAL\taportal\project\app.js
FN:5,(anonymous_1)
FNF:1
FNH:1
FNDA:1,(anonymous_1)
DA:5,1
DA:6,1
DA:8,1
DA:9,1
DA:10,1
LF:5
LH:5
BRF:0
BRH:0
end_of_record
TN:
SF:E:\NEU\MSD\TA Portal\srivatsav_personal_git_TA_PORTAL\taportal\project\model\models.server.js
FN:3,(anonymous_1)
FNF:1
FNH:1
FNDA:1,(anonymous_1)
DA:3,1
DA:5,1
DA:13,1
LF:3
LH:3
BRF:0
BRH:0
end_of_record
TN:
SF:E:\NEU\MSD\TA Portal\srivatsav_personal_git_TA_PORTAL\taportal\project\model\user\user.model.server.js
FN:5,(anonymous_1)
FN:25,findAllUsers
FN:30,findUserById
FN:34,findUserByUsername
FN:38,updateUser
FN:50,deleteUser
FN:54,findUserByCredentials
FN:58,createUser
FNF:8
FNH:6
FNDA:1,(anonymous_1)
FNDA:3,findAllUsers
FNDA:0,findUserById
FNDA:5,findUserByUsername
FNDA:0,updateUser
FNDA:1,deleteUser
FNDA:1,findUserByCredentials
FNDA:1,createUser
DA:5,1
DA:7,1
DA:8,1
DA:9,1
DA:11,1
DA:22,1
DA:25,1
DA:26,3
DA:30,1
DA:31,0
DA:34,1
DA:35,5
DA:38,1
DA:39,0
DA:40,0
DA:50,1
DA:51,1
DA:54,1
DA:55,1
DA:58,1
DA:59,1
LF:21
LH:18
BRF:0
BRH:0
end_of_record
TN:
SF:E:\NEU\MSD\TA Portal\srivatsav_personal_git_TA_PORTAL\taportal\project\model\user\user.schema.server.js
FN:6,(anonymous_1)
FNF:1
FNH:1
FNDA:5,(anonymous_1)
DA:6,1
DA:8,5
DA:10,5
DA:74,5
LF:4
LH:4
BRF:0
BRH:0
end_of_record
TN:
SF:E:\NEU\MSD\TA Portal\srivatsav_personal_git_TA_PORTAL\taportal\project\model\user\course.model.server.js
FN:5,(anonymous_1)
FN:24,updateCourse
FN:32,findAllCourses
FN:36,createCourse
FN:41,deleteCourse
FN:45,findCourseById
FN:49,findCourseByCoursename
FNF:7
FNH:7
FNDA:1,(anonymous_1)
FNDA:1,updateCourse
FNDA:4,findAllCourses
FNDA:1,createCourse
FNDA:1,deleteCourse
FNDA:1,findCourseById
FNDA:3,findCourseByCoursename
DA:5,1
DA:7,1
DA:8,1
DA:9,1
DA:13,1
DA:22,1
DA:24,1
DA:25,1
DA:26,1
DA:32,1
DA:33,4
DA:36,1
DA:38,1
DA:41,1
DA:42,1
DA:45,1
DA:46,1
DA:49,1
DA:50,3
LF:19
LH:19
BRF:0
BRH:0
end_of_record
TN:
SF:E:\NEU\MSD\TA Portal\srivatsav_personal_git_TA_PORTAL\taportal\project\model\user\course.schema.server.js
FN:6,(anonymous_1)
FNF:1
FNH:1
FNDA:1,(anonymous_1)
DA:6,1
DA:7,1
DA:9,1
DA:18,1
LF:4
LH:4
BRF:0
BRH:0
end_of_record
TN:
SF:E:\NEU\MSD\TA Portal\srivatsav_personal_git_TA_PORTAL\taportal\project\model\user\semester.model.server.js
FN:6,(anonymous_1)
FN:25,updateSemester
FN:33,findAllSemesters
FN:37,createSemester
FN:41,deleteSemester
FN:45,findSemesterById
FN:49,findSemesterBySemestername
FNF:7
FNH:7
FNDA:1,(anonymous_1)
FNDA:1,updateSemester
FNDA:4,findAllSemesters
FNDA:1,createSemester
FNDA:1,deleteSemester
FNDA:1,findSemesterById
FNDA:1,findSemesterBySemestername
DA:6,1
DA:8,1
DA:9,1
DA:10,1
DA:14,1
DA:23,1
DA:25,1
DA:26,1
DA:27,1
DA:33,1
DA:34,4
DA:37,1
DA:38,1
DA:41,1
DA:42,1
DA:45,1
DA:46,1
DA:49,1
DA:50,1
LF:19
LH:19
BRF:0
BRH:0
end_of_record
TN:
SF:E:\NEU\MSD\TA Portal\srivatsav_personal_git_TA_PORTAL\taportal\project\model\user\semester.schema.server.js
FN:7,(anonymous_1)
FNF:1
FNH:1
FNDA:1,(anonymous_1)
DA:7,1
DA:8,1
DA:10,1
DA:18,1
LF:4
LH:4
BRF:0
BRH:0
end_of_record
TN:
SF:E:\NEU\MSD\TA Portal\srivatsav_personal_git_TA_PORTAL\taportal\project\model\user\position.model.server.js
FN:7,(anonymous_1)
FN:25,updatePosition
FN:37,findAllPositions
FN:41,createPosition
FN:45,deletePosition
FN:49,findPositionById
FNF:6
FNH:4
FNDA:1,(anonymous_1)
FNDA:1,updatePosition
FNDA:3,findAllPositions
FNDA:0,createPosition
FNDA:0,deletePosition
FNDA:1,findPositionById
DA:7,1
DA:9,1
DA:10,1
DA:11,1
DA:15,1
DA:23,1
DA:25,1
DA:26,1
DA:27,1
DA:37,1
DA:38,3
DA:41,1
DA:42,0
DA:45,1
DA:46,0
DA:49,1
DA:50,1
LF:17
LH:15
BRF:0
BRH:0
end_of_record
TN:
SF:E:\NEU\MSD\TA Portal\srivatsav_personal_git_TA_PORTAL\taportal\project\model\user\position.schema.server.js
FN:5,(anonymous_1)
FNF:1
FNH:1
FNDA:1,(anonymous_1)
DA:5,1
DA:6,1
DA:8,1
DA:21,1
LF:4
LH:4
BRF:0
BRH:0
end_of_record
TN:
SF:E:\NEU\MSD\TA Portal\srivatsav_personal_git_TA_PORTAL\taportal\project\services\user.service.server.js
FN:10,(anonymous_1)
FN:39,logout
FN:45,findallusers
FN:50,(anonymous_4)
FN:53,(anonymous_5)
FN:60,register
FN:66,(anonymous_7)
FN:78,(anonymous_8)
FN:84,(anonymous_9)
FN:87,(anonymous_10)
FN:96,(anonymous_11)
FN:101,localStrategy
FN:105,(anonymous_13)
FN:114,(anonymous_14)
FN:119,serializeUser
FN:123,deserializeUser
FN:127,(anonymous_17)
FN:130,(anonymous_18)
FN:138,login
FN:144,loggedIn
FN:152,updateUser
FN:160,(anonymous_22)
FN:163,(anonymous_23)
FN:170,createUser
FN:177,(anonymous_25)
FN:187,(anonymous_26)
FN:192,(anonymous_27)
FN:197,(anonymous_28)
FN:205,deleteUser
FN:211,(anonymous_30)
FN:215,(anonymous_31)
FN:223,findUserById
FN:228,(anonymous_33)
FN:231,(anonymous_34)
FN:237,getUsers
FN:249,findUserByCredentials
FN:252,(anonymous_37)
FN:256,(anonymous_38)
FN:261,findUserByUsername
FN:265,(anonymous_40)
FN:268,(anonymous_41)
FNF:41
FNH:23
FNDA:1,(anonymous_1)
FNDA:1,logout
FNDA:3,findallusers
FNDA:3,(anonymous_4)
FNDA:0,(anonymous_5)
FNDA:2,register
FNDA:2,(anonymous_7)
FNDA:0,(anonymous_8)
FNDA:2,(anonymous_9)
FNDA:1,(anonymous_10)
FNDA:0,(anonymous_11)
FNDA:1,localStrategy
FNDA:1,(anonymous_13)
FNDA:0,(anonymous_14)
FNDA:2,serializeUser
FNDA:0,deserializeUser
FNDA:0,(anonymous_17)
FNDA:0,(anonymous_18)
FNDA:1,login
FNDA:1,loggedIn
FNDA:0,updateUser
FNDA:0,(anonymous_22)
FNDA:0,(anonymous_23)
FNDA:1,createUser
FNDA:1,(anonymous_25)
FNDA:0,(anonymous_26)
FNDA:1,(anonymous_27)
FNDA:0,(anonymous_28)
FNDA:1,deleteUser
FNDA:1,(anonymous_30)
FNDA:0,(anonymous_31)
FNDA:0,findUserById
FNDA:0,(anonymous_33)
FNDA:0,(anonymous_34)
FNDA:4,getUsers
FNDA:1,findUserByCredentials
FNDA:1,(anonymous_37)
FNDA:0,(anonymous_38)
FNDA:1,findUserByUsername
FNDA:1,(anonymous_40)
FNDA:0,(anonymous_41)
DA:4,1
DA:5,1
DA:7,1
DA:10,1
DA:12,1
DA:14,1
DA:15,1
DA:16,1
DA:17,1
DA:18,1
DA:19,1
DA:20,1
DA:21,1
DA:22,1
DA:23,1
DA:26,1
DA:32,1
DA:33,1
DA:39,1
DA:40,1
DA:41,1
DA:45,1
DA:47,3
DA:51,3
DA:54,0
DA:60,1
DA:61,2
DA:62,2
DA:63,2
DA:64,2
DA:67,2
DA:68,1
DA:69,1
DA:72,1
DA:73,1
DA:79,0
DA:85,2
DA:87,1
DA:88,1
DA:89,0
DA:91,1
DA:97,0
DA:101,1
DA:102,1
DA:107,1
DA:108,1
DA:111,0
DA:115,0
DA:119,1
DA:120,2
DA:123,1
DA:124,0
DA:128,0
DA:131,0
DA:138,1
DA:139,1
DA:140,1
DA:144,1
DA:145,1
DA:146,0
DA:148,1
DA:152,1
DA:153,0
DA:154,0
DA:157,0
DA:161,0
DA:164,0
DA:170,1
DA:172,1
DA:174,1
DA:178,1
DA:179,1
DA:180,1
DA:182,0
DA:183,0
DA:188,0
DA:193,1
DA:194,0
DA:198,0
DA:205,1
DA:206,1
DA:208,1
DA:213,1
DA:216,0
DA:223,1
DA:224,0
DA:226,0
DA:229,0
DA:232,0
DA:237,1
DA:238,4
DA:239,4
DA:240,4
DA:241,1
DA:242,3
DA:243,1
DA:245,2
DA:249,1
DA:250,1
DA:253,1
DA:254,1
DA:257,0
DA:261,1
DA:262,1
DA:266,1
DA:269,0
LF:106
LH:79
BRDA:67,1,0,1
BRDA:67,1,1,1
BRDA:85,2,0,1
BRDA:85,2,1,1
BRDA:88,3,0,0
BRDA:88,3,1,1
BRDA:107,4,0,1
BRDA:107,4,1,0
BRDA:107,5,0,1
BRDA:107,5,1,1
BRDA:145,6,0,0
BRDA:145,6,1,1
BRDA:178,7,0,1
BRDA:178,7,1,0
BRDA:193,8,0,0
BRDA:193,8,1,1
BRDA:240,9,0,1
BRDA:240,9,1,3
BRDA:240,10,0,4
BRDA:240,10,1,2
BRDA:242,11,0,1
BRDA:242,11,1,2
BRF:22
BRH:17
end_of_record
TN:
SF:E:\NEU\MSD\TA Portal\srivatsav_personal_git_TA_PORTAL\taportal\project\services\coursesandsemesters.service.server.js
FN:4,(anonymous_1)
FN:22,findCourseById
FN:27,(anonymous_3)
FN:29,(anonymous_4)
FN:35,updateCourse
FN:43,(anonymous_6)
FN:46,(anonymous_7)
FN:53,deleteCourse
FN:60,(anonymous_9)
FN:63,(anonymous_10)
FN:69,findallcourses
FN:73,(anonymous_12)
FN:76,(anonymous_13)
FN:84,createCourse
FN:90,(anonymous_15)
FN:98,(anonymous_16)
FN:103,(anonymous_17)
FN:108,(anonymous_18)
FN:115,findCourseByCoursename
FN:119,(anonymous_20)
FN:122,(anonymous_21)
FN:131,findSemesterById
FN:136,(anonymous_23)
FN:138,(anonymous_24)
FN:143,updateSemester
FN:151,(anonymous_26)
FN:154,(anonymous_27)
FN:161,deleteSemester
FN:168,(anonymous_29)
FN:171,(anonymous_30)
FN:177,findallsemesters
FN:181,(anonymous_32)
FN:184,(anonymous_33)
FN:192,createSemester
FN:199,(anonymous_35)
FN:207,(anonymous_36)
FN:212,(anonymous_37)
FN:217,(anonymous_38)
FN:224,findSemesterBySemestername
FN:228,(anonymous_40)
FN:231,(anonymous_41)
FNF:41
FNH:23
FNDA:1,(anonymous_1)
FNDA:1,findCourseById
FNDA:1,(anonymous_3)
FNDA:0,(anonymous_4)
FNDA:1,updateCourse
FNDA:1,(anonymous_6)
FNDA:0,(anonymous_7)
FNDA:1,deleteCourse
FNDA:1,(anonymous_9)
FNDA:0,(anonymous_10)
FNDA:4,findallcourses
FNDA:4,(anonymous_12)
FNDA:0,(anonymous_13)
FNDA:3,createCourse
FNDA:3,(anonymous_15)
FNDA:0,(anonymous_16)
FNDA:3,(anonymous_17)
FNDA:0,(anonymous_18)
FNDA:0,findCourseByCoursename
FNDA:0,(anonymous_20)
FNDA:0,(anonymous_21)
FNDA:1,findSemesterById
FNDA:1,(anonymous_23)
FNDA:0,(anonymous_24)
FNDA:1,updateSemester
FNDA:1,(anonymous_26)
FNDA:0,(anonymous_27)
FNDA:1,deleteSemester
FNDA:1,(anonymous_29)
FNDA:0,(anonymous_30)
FNDA:4,findallsemesters
FNDA:4,(anonymous_32)
FNDA:0,(anonymous_33)
FNDA:1,createSemester
FNDA:1,(anonymous_35)
FNDA:0,(anonymous_36)
FNDA:1,(anonymous_37)
FNDA:0,(anonymous_38)
FNDA:0,findSemesterBySemestername
FNDA:0,(anonymous_40)
FNDA:0,(anonymous_41)
DA:4,1
DA:6,1
DA:7,1
DA:9,1
DA:10,1
DA:11,1
DA:12,1
DA:13,1
DA:16,1
DA:17,1
DA:18,1
DA:19,1
DA:20,1
DA:22,1
DA:23,1
DA:25,1
DA:28,1
DA:30,0
DA:35,1
DA:36,1
DA:37,1
DA:40,1
DA:44,1
DA:47,0
DA:53,1
DA:55,1
DA:57,1
DA:61,1
DA:64,0
DA:69,1
DA:70,4
DA:74,4
DA:77,0
DA:84,1
DA:86,3
DA:87,3
DA:91,3
DA:92,2
DA:93,2
DA:95,1
DA:99,0
DA:104,3
DA:105,1
DA:109,0
DA:115,1
DA:116,0
DA:120,0
DA:123,0
DA:131,1
DA:132,1
DA:134,1
DA:137,1
DA:139,0
DA:143,1
DA:144,1
DA:145,1
DA:148,1
DA:152,1
DA:155,0
DA:161,1
DA:163,1
DA:165,1
DA:169,1
DA:172,0
DA:177,1
DA:178,4
DA:182,4
DA:185,0
DA:192,1
DA:194,1
DA:195,1
DA:196,1
DA:200,1
DA:201,0
DA:202,0
DA:204,1
DA:208,0
DA:213,1
DA:214,1
DA:218,0
DA:224,1
DA:225,0
DA:229,0
DA:232,0
LF:84
LH:64
BRDA:91,1,0,2
BRDA:91,1,1,1
BRDA:104,2,0,1
BRDA:104,2,1,2
BRDA:200,3,0,0
BRDA:200,3,1,1
BRDA:213,4,0,1
BRDA:213,4,1,0
BRF:8
BRH:6
end_of_record
TN:
SF:E:\NEU\MSD\TA Portal\srivatsav_personal_git_TA_PORTAL\taportal\project\services\position.service.server.js
FN:5,(anonymous_1)
FN:17,findPositionById
FN:21,(anonymous_3)
FN:23,(anonymous_4)
FN:29,updatePosition
FN:35,(anonymous_6)
FN:38,(anonymous_7)
FN:45,deletePosition
FN:52,(anonymous_9)
FN:55,(anonymous_10)
FN:61,findallpositions
FN:65,(anonymous_12)
FN:68,(anonymous_13)
FN:76,createPosition
FN:82,(anonymous_15)
FN:86,(anonymous_16)
FN:91,(anonymous_17)
FN:96,(anonymous_18)
FNF:18
FNH:8
FNDA:1,(anonymous_1)
FNDA:1,findPositionById
FNDA:0,(anonymous_3)
FNDA:1,(anonymous_4)
FNDA:1,updatePosition
FNDA:0,(anonymous_6)
FNDA:0,(anonymous_7)
FNDA:1,deletePosition
FNDA:0,(anonymous_9)
FNDA:0,(anonymous_10)
FNDA:3,findallpositions
FNDA:3,(anonymous_12)
FNDA:0,(anonymous_13)
FNDA:2,createPosition
FNDA:0,(anonymous_15)
FNDA:0,(anonymous_16)
FNDA:0,(anonymous_17)
FNDA:0,(anonymous_18)
DA:5,1
DA:7,1
DA:9,1
DA:10,1
DA:11,1
DA:12,1
DA:13,1
DA:17,1
DA:18,1
DA:19,1
DA:22,0
DA:24,1
DA:29,1
DA:30,1
DA:31,1
DA:32,1
DA:36,0
DA:39,0
DA:45,1
DA:47,1
DA:49,1
DA:53,0
DA:56,0
DA:61,1
DA:62,3
DA:66,3
DA:69,0
DA:76,1
DA:78,2
DA:79,2
DA:83,0
DA:87,0
DA:92,0
DA:93,0
DA:97,0
LF:35
LH:24
BRDA:92,1,0,0
BRDA:92,1,1,0
BRF:2
BRH:0
end_of_record
TN:
SF:E:\NEU\MSD\TA Portal\srivatsav_personal_git_TA_PORTAL\taportal\testspec\testForCoursesAndSem.js
FN:23,(anonymous_1)
FN:25,(anonymous_2)
FN:28,(anonymous_3)
FN:35,(anonymous_4)
FN:38,(anonymous_5)
FN:45,(anonymous_6)
FN:49,(anonymous_7)
FN:55,(anonymous_8)
FN:59,(anonymous_9)
FN:66,(anonymous_10)
FN:69,(anonymous_11)
FN:73,(anonymous_12)
FN:100,(anonymous_13)
FN:103,(anonymous_14)
FN:106,(anonymous_15)
FN:114,(anonymous_16)
FN:117,(anonymous_17)
FN:120,(anonymous_18)
FN:131,(anonymous_19)
FN:133,(anonymous_20)
FN:136,(anonymous_21)
FN:143,(anonymous_22)
FN:146,(anonymous_23)
FN:153,(anonymous_24)
FN:157,(anonymous_25)
FN:163,(anonymous_26)
FN:167,(anonymous_27)
FN:174,(anonymous_28)
FN:177,(anonymous_29)
FN:181,(anonymous_30)
FN:191,(anonymous_31)
FN:194,(anonymous_32)
FN:197,(anonymous_33)
FN:205,(anonymous_34)
FN:208,(anonymous_35)
FN:211,(anonymous_36)
FNF:36
FNH:36
FNDA:1,(anonymous_1)
FNDA:1,(anonymous_2)
FNDA:1,(anonymous_3)
FNDA:1,(anonymous_4)
FNDA:1,(anonymous_5)
FNDA:1,(anonymous_6)
FNDA:1,(anonymous_7)
FNDA:1,(anonymous_8)
FNDA:1,(anonymous_9)
FNDA:1,(anonymous_10)
FNDA:1,(anonymous_11)
FNDA:1,(anonymous_12)
FNDA:1,(anonymous_13)
FNDA:1,(anonymous_14)
FNDA:1,(anonymous_15)
FNDA:1,(anonymous_16)
FNDA:1,(anonymous_17)
FNDA:1,(anonymous_18)
FNDA:1,(anonymous_19)
FNDA:1,(anonymous_20)
FNDA:1,(anonymous_21)
FNDA:1,(anonymous_22)
FNDA:1,(anonymous_23)
FNDA:1,(anonymous_24)
FNDA:1,(anonymous_25)
FNDA:1,(anonymous_26)
FNDA:1,(anonymous_27)
FNDA:1,(anonymous_28)
FNDA:1,(anonymous_29)
FNDA:1,(anonymous_30)
FNDA:1,(anonymous_31)
FNDA:1,(anonymous_32)
FNDA:1,(anonymous_33)
FNDA:1,(anonymous_34)
FNDA:1,(anonymous_35)
FNDA:1,(anonymous_36)
DA:5,1
DA:6,1
DA:7,1
DA:9,1
DA:11,1
DA:13,1
DA:15,1
DA:17,1
DA:18,1
DA:19,1
DA:21,1
DA:23,1
DA:25,1
DA:26,1
DA:29,1
DA:30,1
DA:35,1
DA:36,1
DA:39,1
DA:40,1
DA:45,1
DA:46,1
DA:50,1
DA:51,1
DA:55,1
DA:56,1
DA:60,1
DA:61,1
DA:66,1
DA:67,1
DA:70,1
DA:74,1
DA:75,1
DA:77,1
DA:100,1
DA:101,1
DA:104,1
DA:107,1
DA:108,1
DA:114,1
DA:115,1
DA:118,1
DA:121,1
DA:122,1
DA:124,1
DA:131,1
DA:133,1
DA:134,1
DA:137,1
DA:138,1
DA:143,1
DA:144,1
DA:147,1
DA:148,1
DA:153,1
DA:154,1
DA:158,1
DA:159,1
DA:163,1
DA:164,1
DA:168,1
DA:169,1
DA:174,1
DA:175,1
DA:178,1
DA:182,1
DA:183,1
DA:185,1
DA:191,1
DA:192,1
DA:195,1
DA:198,1
DA:199,1
DA:205,1
DA:206,1
DA:209,1
DA:212,1
DA:213,1
DA:215,1
LF:79
LH:79
BRF:0
BRH:0
end_of_record
TN:
SF:E:\NEU\MSD\TA Portal\srivatsav_personal_git_TA_PORTAL\taportal\testspec\testForPositions.js
FN:23,(anonymous_1)
FN:25,(anonymous_2)
FN:28,(anonymous_3)
FN:35,(anonymous_4)
FN:38,(anonymous_5)
FN:45,(anonymous_6)
FN:50,(anonymous_7)
FN:57,(anonymous_8)
FN:60,(anonymous_9)
FN:65,(anonymous_10)
FN:88,(anonymous_11)
FN:94,(anonymous_12)
FN:98,(anonymous_13)
FN:107,(anonymous_14)
FN:110,(anonymous_15)
FN:113,(anonymous_16)
FNF:16
FNH:15
FNDA:1,(anonymous_1)
FNDA:1,(anonymous_2)
FNDA:1,(anonymous_3)
FNDA:1,(anonymous_4)
FNDA:1,(anonymous_5)
FNDA:1,(anonymous_6)
FNDA:1,(anonymous_7)
FNDA:1,(anonymous_8)
FNDA:1,(anonymous_9)
FNDA:1,(anonymous_10)
FNDA:1,(anonymous_11)
FNDA:1,(anonymous_12)
FNDA:0,(anonymous_13)
FNDA:1,(anonymous_14)
FNDA:1,(anonymous_15)
FNDA:1,(anonymous_16)
DA:5,1
DA:6,1
DA:7,1
DA:9,1
DA:11,1
DA:13,1
DA:15,1
DA:17,1
DA:18,1
DA:19,1
DA:21,1
DA:23,1
DA:25,1
DA:26,1
DA:29,1
DA:30,1
DA:35,1
DA:36,1
DA:39,1
DA:40,1
DA:45,1
DA:46,1
DA:51,1
DA:52,0
DA:57,1
DA:58,1
DA:61,1
DA:66,1
DA:67,0
DA:69,1
DA:88,1
DA:90,1
DA:95,1
DA:96,1
DA:99,0
DA:100,0
DA:102,1
DA:107,1
DA:108,1
DA:111,1
DA:114,1
DA:115,0
DA:117,1
LF:43
LH:38
BRF:0
BRH:0
end_of_record
